[Common]  _____ _____ _  __                       __  __    ____   ___  _  ___
[Common] |_   _|_   _| |/ /                      / /__\ \  |___ \ / _ \/ |( _ )
[Common]   | |   | | | ' /                      | |/ __| |   __) | | | | |/ _ \
[Common]   | |   | | | . \                      | | (__| |  / __/| |_| | | (_) |
[Common]   |_|   |_| |_|\_\                     | |\___| | |_____|\___/|_|\___/
[Common]                                         \_\  /_/
[Common] Welcome!
[ttkProgramBase] Reading input data...
[ttkProgramBase]   done! (read 30000 vertices, 29601 cells)
[ttkSortScalarField] Memory usage: 0 MB.
[ttkSortScalarField] Memory usage: 0 MB.
[ttkProgramBase] Reading input data...
[ttkProgramBase]   done! (read 30000 vertices, 29601 cells)
[ttkPersistenceMap] Processing 100.0 scalar field...
[PersistenceMap] Computing persistence map...
[PersistenceMap]   persistenceThreshold: 0.01
[PersistenceMap]   persistenceScale: 0.5
[PersistenceMap]   persistenceSpread: 0.03
[PersistenceMap]   defaultAmplitude: 0
[PersistenceMap]   defaultDeviation: 0
[PersistenceMap]   criticalType: 2
------------
[FTM] number of threads : 1
* debug lvl  : 3
* tree type  : Join + Split
------------
[FTM] alloc in           0.00183201
[FTM] init in            0.000135183
[FTM] sort step in       0.002033
[FTM] leafSearch JT in   0.00319695
[FTM] leafGrowth JT in   0.00645494
[FTM] trunk JT in        0.000258207
[FTM] leafSearch ST in   0.00315714
[FTM] leafGrowth ST in   0.00582981
[FTM] trunk ST in        0.000298023
[FTM] merge trees  in    0.0192459
[FTM] build tree in      0.019249
[FTM] Total  in          0.0214291
[PersistenceMap] Maximum persistences: 6.64627 (second: 6.64627)
[PersistenceMap] Minimum persistences: 7.59998 (second: 7.59998)
[PersistenceMap] Selected maximum persistence: 6.64627
[PersistenceMap] Max distance: 3.85797
[PersistenceMap] Data-set (30000 points) processed in 0.041985 s. (16 thread(s)).
[ttkPersistenceMap] Processing 100.1 scalar field...
[PersistenceMap] Computing persistence map...
[PersistenceMap]   persistenceThreshold: 0.01
[PersistenceMap]   persistenceScale: 0.5
[PersistenceMap]   persistenceSpread: 0.03
[PersistenceMap]   defaultAmplitude: 0
[PersistenceMap]   defaultDeviation: 0
[PersistenceMap]   criticalType: 2
------------
[FTM] number of threads : 1
* debug lvl  : 3
* tree type  : Join + Split
------------
[FTM] alloc in           0.000441074
[FTM] init in            0.000174999
[FTM] sort step in       0.00221014
[FTM] leafSearch JT in   0.00334597
[FTM] leafGrowth JT in   0.00689006
[FTM] trunk JT in        0.000255108
[FTM] leafSearch ST in   0.00334096
[FTM] leafGrowth ST in   0.00588202
[FTM] trunk ST in        0.000298977
[FTM] merge trees  in    0.0200441
[FTM] build tree in      0.0200469
[FTM] Total  in          0.022454
[PersistenceMap] Maximum persistences: 6.66344 (second: 6.66344)
[PersistenceMap] Minimum persistences: 7.60372 (second: 7.60372)
[PersistenceMap] Selected maximum persistence: 6.66344
[PersistenceMap] Max distance: 3.85797
[PersistenceMap] Data-set (30000 points) processed in 0.0335259 s. (16 thread(s)).
[ttkPersistenceMap] Processing 100.2 scalar field...
[PersistenceMap] Computing persistence map...
[PersistenceMap]   persistenceThreshold: 0.01
[PersistenceMap]   persistenceScale: 0.5
[PersistenceMap]   persistenceSpread: 0.03
[PersistenceMap]   defaultAmplitude: 0
[PersistenceMap]   defaultDeviation: 0
[PersistenceMap]   criticalType: 2
------------
[FTM] number of threads : 1
* debug lvl  : 3
* tree type  : Join + Split
------------
[FTM] alloc in           0.000417948
[FTM] init in            0.000174999
[FTM] sort step in       0.00223207
[FTM] leafSearch JT in   0.00314903
[FTM] leafGrowth JT in   0.00637507
[FTM] trunk JT in        0.000246048
[FTM] leafSearch ST in   0.00314784
[FTM] leafGrowth ST in   0.00581789
[FTM] trunk ST in        0.000293016
[FTM] merge trees  in    0.019057
[FTM] build tree in      0.0190592
[FTM] Total  in          0.021488
[PersistenceMap] Maximum persistences: 6.67653 (second: 6.67653)
[PersistenceMap] Minimum persistences: 7.59218 (second: 7.59218)
[PersistenceMap] Selected maximum persistence: 6.67653
[PersistenceMap] Max distance: 3.85797
[PersistenceMap] Data-set (30000 points) processed in 0.035223 s. (16 thread(s)).
[ttkPersistenceMap] Processing 100.3 scalar field...
[PersistenceMap] Computing persistence map...
[PersistenceMap]   persistenceThreshold: 0.01
[PersistenceMap]   persistenceScale: 0.5
[PersistenceMap]   persistenceSpread: 0.03
[PersistenceMap]   defaultAmplitude: 0
[PersistenceMap]   defaultDeviation: 0
[PersistenceMap]   criticalType: 2
------------
[FTM] number of threads : 1
* debug lvl  : 3
* tree type  : Join + Split
------------
[FTM] alloc in           0.000403166
[FTM] init in            0.000175953
[FTM] sort step in       0.00223184
[FTM] leafSearch JT in   0.00346589
[FTM] leafGrowth JT in   0.00828791
[FTM] trunk JT in        0.000322104
[FTM] leafSearch ST in   0.00390601
[FTM] leafGrowth ST in   0.00581217
[FTM] trunk ST in        0.00030303
[FTM] merge trees  in    0.0221288
[FTM] build tree in      0.022131
[FTM] Total  in          0.0245609
[PersistenceMap] Maximum persistences: 6.68009 (second: 6.68009)
[PersistenceMap] Minimum persistences: 7.59783 (second: 7.59783)
[PersistenceMap] Selected maximum persistence: 6.68009
[PersistenceMap] Max distance: 3.85797
[PersistenceMap] Data-set (30000 points) processed in 0.0361121 s. (16 thread(s)).
[ttkPersistenceMap] Processing 100.4 scalar field...
[PersistenceMap] Computing persistence map...
[PersistenceMap]   persistenceThreshold: 0.01
[PersistenceMap]   persistenceScale: 0.5
[PersistenceMap]   persistenceSpread: 0.03
[PersistenceMap]   defaultAmplitude: 0
[PersistenceMap]   defaultDeviation: 0
[PersistenceMap]   criticalType: 2
------------
[FTM] number of threads : 1
* debug lvl  : 3
* tree type  : Join + Split
------------
[FTM] alloc in           0.000476837
[FTM] init in            0.000174999
[FTM] sort step in       0.00223088
[FTM] leafSearch JT in   0.0031538
[FTM] leafGrowth JT in   0.00638509
[FTM] trunk JT in        0.000239849
[FTM] leafSearch ST in   0.00314903
[FTM] leafGrowth ST in   0.005831
[FTM] trunk ST in        0.000301123
[FTM] merge trees  in    0.0190861
[FTM] build tree in      0.019088
[FTM] Total  in          0.021517
[PersistenceMap] Maximum persistences: 6.68376 (second: 6.68376)
[PersistenceMap] Minimum persistences: 7.62136 (second: 7.62136)
[PersistenceMap] Selected maximum persistence: 6.68376
[PersistenceMap] Max distance: 3.85797
[PersistenceMap] Data-set (30000 points) processed in 0.0343881 s. (16 thread(s)).
[ttkPersistenceMap] Processing 100.5 scalar field...
[PersistenceMap] Computing persistence map...
[PersistenceMap]   persistenceThreshold: 0.01
[PersistenceMap]   persistenceScale: 0.5
[PersistenceMap]   persistenceSpread: 0.03
[PersistenceMap]   defaultAmplitude: 0
[PersistenceMap]   defaultDeviation: 0
[PersistenceMap]   criticalType: 2
------------
[FTM] number of threads : 1
* debug lvl  : 3
* tree type  : Join + Split
------------
[FTM] alloc in           0.000496149
[FTM] init in            0.000174999
[FTM] sort step in       0.0022409
[FTM] leafSearch JT in   0.00315404
[FTM] leafGrowth JT in   0.00640392
[FTM] trunk JT in        0.000244141
[FTM] leafSearch ST in   0.00314593
[FTM] leafGrowth ST in   0.00578713
[FTM] trunk ST in        0.00029397
[FTM] merge trees  in    0.0190561
[FTM] build tree in      0.019058
[FTM] Total  in          0.021497
[PersistenceMap] Maximum persistences: 6.68407 (second: 6.68407)
[PersistenceMap] Minimum persistences: 7.60777 (second: 7.60777)
[PersistenceMap] Selected maximum persistence: 6.68407
[PersistenceMap] Max distance: 3.85797
[PersistenceMap] Data-set (30000 points) processed in 0.033746 s. (16 thread(s)).
[ttkPersistenceMap] Processing 100.6 scalar field...
[PersistenceMap] Computing persistence map...
[PersistenceMap]   persistenceThreshold: 0.01
[PersistenceMap]   persistenceScale: 0.5
[PersistenceMap]   persistenceSpread: 0.03
[PersistenceMap]   defaultAmplitude: 0
[PersistenceMap]   defaultDeviation: 0
[PersistenceMap]   criticalType: 2
------------
[FTM] number of threads : 1
* debug lvl  : 3
* tree type  : Join + Split
------------
[FTM] alloc in           0.000408173
[FTM] init in            0.000174999
[FTM] sort step in       0.00219011
[FTM] leafSearch JT in   0.00316095
[FTM] leafGrowth JT in   0.007164
[FTM] trunk JT in        0.000242233
[FTM] leafSearch ST in   0.003443
[FTM] leafGrowth ST in   0.00602388
[FTM] trunk ST in        0.000302792
[FTM] merge trees  in    0.0203669
[FTM] build tree in      0.0203691
[FTM] Total  in          0.0227571
[PersistenceMap] Maximum persistences: 6.62049 (second: 6.62049)
[PersistenceMap] Minimum persistences: 7.58892 (second: 7.58892)
[PersistenceMap] Selected maximum persistence: 6.62049
[PersistenceMap] Max distance: 3.85797
[PersistenceMap] Data-set (30000 points) processed in 0.0339191 s. (16 thread(s)).
[ttkPersistenceMap] Processing 100.7 scalar field...
[PersistenceMap] Computing persistence map...
[PersistenceMap]   persistenceThreshold: 0.01
[PersistenceMap]   persistenceScale: 0.5
[PersistenceMap]   persistenceSpread: 0.03
[PersistenceMap]   defaultAmplitude: 0
[PersistenceMap]   defaultDeviation: 0
[PersistenceMap]   criticalType: 2
------------
[FTM] number of threads : 1
* debug lvl  : 3
* tree type  : Join + Split
------------
[FTM] alloc in           0.000404835
[FTM] init in            0.000175953
[FTM] sort step in       0.00222588
[FTM] leafSearch JT in   0.00315213
[FTM] leafGrowth JT in   0.00655293
[FTM] trunk JT in        0.000238895
[FTM] leafSearch ST in   0.00314808
[FTM] leafGrowth ST in   0.00570703
[FTM] trunk ST in        0.000299931
[FTM] merge trees  in    0.019124
[FTM] build tree in      0.0191271
[FTM] Total  in          0.0215499
[PersistenceMap] Maximum persistences: 6.68375 (second: 6.68375)
[PersistenceMap] Minimum persistences: 7.60853 (second: 7.60853)
[PersistenceMap] Selected maximum persistence: 6.68375
[PersistenceMap] Max distance: 3.85797
[PersistenceMap] Data-set (30000 points) processed in 0.0369911 s. (16 thread(s)).
[ttkPersistenceMap] Processing 100.9 scalar field...
[PersistenceMap] Computing persistence map...
[PersistenceMap]   persistenceThreshold: 0.01
[PersistenceMap]   persistenceScale: 0.5
[PersistenceMap]   persistenceSpread: 0.03
[PersistenceMap]   defaultAmplitude: 0
[PersistenceMap]   defaultDeviation: 0
[PersistenceMap]   criticalType: 2
------------
[FTM] number of threads : 1
* debug lvl  : 3
* tree type  : Join + Split
------------
[FTM] alloc in           0.000401974
[FTM] init in            0.000174999
[FTM] sort step in       0.00218511
[FTM] leafSearch JT in   0.00447202
[FTM] leafGrowth JT in   0.00936913
[FTM] trunk JT in        0.000227213
[FTM] leafSearch ST in   0.00314617
[FTM] leafGrowth ST in   0.00579
[FTM] trunk ST in        0.000301123
[FTM] merge trees  in    0.0233362
[FTM] build tree in      0.0233381
[FTM] Total  in          0.025723
[PersistenceMap] Maximum persistences: 6.70296 (second: 6.70296)
[PersistenceMap] Minimum persistences: 7.65332 (second: 7.65332)
[PersistenceMap] Selected maximum persistence: 6.70296
[PersistenceMap] Max distance: 3.85797
[PersistenceMap] Data-set (30000 points) processed in 0.0380671 s. (16 thread(s)).
[ttkPersistenceMap] Processing 160.0 scalar field...
[PersistenceMap] Computing persistence map...
[PersistenceMap]   persistenceThreshold: 0.01
[PersistenceMap]   persistenceScale: 0.5
[PersistenceMap]   persistenceSpread: 0.03
[PersistenceMap]   defaultAmplitude: 0
[PersistenceMap]   defaultDeviation: 0
[PersistenceMap]   criticalType: 2
------------
[FTM] number of threads : 1
* debug lvl  : 3
* tree type  : Join + Split
------------
[FTM] alloc in           0.00041604
[FTM] init in            0.000175953
[FTM] sort step in       0.0022161
[FTM] leafSearch JT in   0.00315499
[FTM] leafGrowth JT in   0.00690103
[FTM] trunk JT in        0.000257015
[FTM] leafSearch ST in   0.00314784
[FTM] leafGrowth ST in   0.00609589
[FTM] trunk ST in        0.000289202
[FTM] merge trees  in    0.0198741
[FTM] build tree in      0.019877
[FTM] Total  in          0.0222909
[PersistenceMap] Maximum persistences: 8.86664 (second: 8.86664)
[PersistenceMap] Minimum persistences: 7.84749 (second: 7.84749)
[PersistenceMap] Selected maximum persistence: 7.84749
[PersistenceMap] Max distance: 3.85797
[PersistenceMap] Data-set (30000 points) processed in 0.034503 s. (16 thread(s)).
[ttkPersistenceMap] Processing 160.1 scalar field...
[PersistenceMap] Computing persistence map...
[PersistenceMap]   persistenceThreshold: 0.01
[PersistenceMap]   persistenceScale: 0.5
[PersistenceMap]   persistenceSpread: 0.03
[PersistenceMap]   defaultAmplitude: 0
[PersistenceMap]   defaultDeviation: 0
[PersistenceMap]   criticalType: 2
------------
[FTM] number of threads : 1
* debug lvl  : 3
* tree type  : Join + Split
------------
[FTM] alloc in           0.000416994
[FTM] init in            0.00017786
[FTM] sort step in       0.00219607
[FTM] leafSearch JT in   0.00334406
[FTM] leafGrowth JT in   0.00713682
[FTM] trunk JT in        0.00026989
[FTM] leafSearch ST in   0.00314188
[FTM] leafGrowth ST in   0.00602007
[FTM] trunk ST in        0.00030303
[FTM] merge trees  in    0.0202479
[FTM] build tree in      0.020251
[FTM] Total  in          0.0226469
[PersistenceMap] Maximum persistences: 8.87402 (second: 8.87402)
[PersistenceMap] Minimum persistences: 7.83535 (second: 7.83535)
[PersistenceMap] Selected maximum persistence: 7.83535
[PersistenceMap] Max distance: 3.85797
[PersistenceMap] Data-set (30000 points) processed in 0.035074 s. (16 thread(s)).
[ttkPersistenceMap] Processing 160.2 scalar field...
[PersistenceMap] Computing persistence map...
[PersistenceMap]   persistenceThreshold: 0.01
[PersistenceMap]   persistenceScale: 0.5
[PersistenceMap]   persistenceSpread: 0.03
[PersistenceMap]   defaultAmplitude: 0
[PersistenceMap]   defaultDeviation: 0
[PersistenceMap]   criticalType: 2
------------
[FTM] number of threads : 1
* debug lvl  : 3
* tree type  : Join + Split
------------
[FTM] alloc in           0.000448942
[FTM] init in            0.000178099
[FTM] sort step in       0.00224113
[FTM] leafSearch JT in   0.00315404
[FTM] leafGrowth JT in   0.00713301
[FTM] trunk JT in        0.000292063
[FTM] leafSearch ST in   0.00344515
[FTM] leafGrowth ST in   0.00657988
[FTM] trunk ST in        0.000283003
[FTM] merge trees  in    0.0209179
[FTM] build tree in      0.020921
[FTM] Total  in          0.0233619
[PersistenceMap] Maximum persistences: 8.85816 (second: 8.85816)
[PersistenceMap] Minimum persistences: 7.88705 (second: 7.88705)
[PersistenceMap] Selected maximum persistence: 7.88705
[PersistenceMap] Max distance: 3.85797
[PersistenceMap] Data-set (30000 points) processed in 0.036026 s. (16 thread(s)).
[ttkPersistenceMap] Processing 160.3 scalar field...
[PersistenceMap] Computing persistence map...
[PersistenceMap]   persistenceThreshold: 0.01
[PersistenceMap]   persistenceScale: 0.5
[PersistenceMap]   persistenceSpread: 0.03
[PersistenceMap]   defaultAmplitude: 0
[PersistenceMap]   defaultDeviation: 0
[PersistenceMap]   criticalType: 2
------------
[FTM] number of threads : 1
* debug lvl  : 3
* tree type  : Join + Split
------------
[FTM] alloc in           0.000401974
[FTM] init in            0.000176907
[FTM] sort step in       0.00224113
[FTM] leafSearch JT in   0.00315595
[FTM] leafGrowth JT in   0.0080111
[FTM] trunk JT in        0.000299931
[FTM] leafSearch ST in   0.00368404
[FTM] leafGrowth ST in   0.00623608
[FTM] trunk ST in        0.000298023
[FTM] merge trees  in    0.021719
[FTM] build tree in      0.0217209
[FTM] Total  in          0.0241611
[PersistenceMap] Maximum persistences: 8.9542 (second: 8.9542)
[PersistenceMap] Minimum persistences: 7.95554 (second: 7.95554)
[PersistenceMap] Selected maximum persistence: 7.95554
[PersistenceMap] Max distance: 3.85797
[PersistenceMap] Data-set (30000 points) processed in 0.0376809 s. (16 thread(s)).
[ttkPersistenceMap] Processing 160.4 scalar field...
[PersistenceMap] Computing persistence map...
[PersistenceMap]   persistenceThreshold: 0.01
[PersistenceMap]   persistenceScale: 0.5
[PersistenceMap]   persistenceSpread: 0.03
[PersistenceMap]   defaultAmplitude: 0
[PersistenceMap]   defaultDeviation: 0
[PersistenceMap]   criticalType: 2
------------
[FTM] number of threads : 1
* debug lvl  : 3
* tree type  : Join + Split
------------
[FTM] alloc in           0.000405073
[FTM] init in            0.000180006
[FTM] sort step in       0.00219297
[FTM] leafSearch JT in   0.00328612
[FTM] leafGrowth JT in   0.00777197
[FTM] trunk JT in        0.000299931
[FTM] leafSearch ST in   0.00355101
[FTM] leafGrowth ST in   0.00624704
[FTM] trunk ST in        0.000298023
[FTM] merge trees  in    0.021487
[FTM] build tree in      0.0214889
[FTM] Total  in          0.0238841
[PersistenceMap] Maximum persistences: 9.08736 (second: 9.08736)
[PersistenceMap] Minimum persistences: 7.96889 (second: 7.96889)
[PersistenceMap] Selected maximum persistence: 7.96889
[PersistenceMap] Max distance: 3.85797
[PersistenceMap] Data-set (30000 points) processed in 0.0368431 s. (16 thread(s)).
[ttkPersistenceMap] Processing 160.5 scalar field...
[PersistenceMap] Computing persistence map...
[PersistenceMap]   persistenceThreshold: 0.01
[PersistenceMap]   persistenceScale: 0.5
[PersistenceMap]   persistenceSpread: 0.03
[PersistenceMap]   defaultAmplitude: 0
[PersistenceMap]   defaultDeviation: 0
[PersistenceMap]   criticalType: 2
------------
[FTM] number of threads : 1
* debug lvl  : 3
* tree type  : Join + Split
------------
[FTM] alloc in           0.000506878
[FTM] init in            0.000179052
[FTM] sort step in       0.00225711
[FTM] leafSearch JT in   0.00321388
[FTM] leafGrowth JT in   0.00708485
[FTM] trunk JT in        0.00026989
[FTM] leafSearch ST in   0.00323606
[FTM] leafGrowth ST in   0.00604296
[FTM] trunk ST in        0.000292063
[FTM] merge trees  in    0.02017
[FTM] build tree in      0.0201719
[FTM] Total  in          0.0226302
[PersistenceMap] Maximum persistences: 9.04608 (second: 9.04608)
[PersistenceMap] Minimum persistences: 7.96157 (second: 7.96157)
[PersistenceMap] Selected maximum persistence: 7.96157
[PersistenceMap] Max distance: 3.85797
[PersistenceMap] Data-set (30000 points) processed in 0.03778 s. (16 thread(s)).
[ttkPersistenceMap] Processing 160.6 scalar field...
[PersistenceMap] Computing persistence map...
[PersistenceMap]   persistenceThreshold: 0.01
[PersistenceMap]   persistenceScale: 0.5
[PersistenceMap]   persistenceSpread: 0.03
[PersistenceMap]   defaultAmplitude: 0
[PersistenceMap]   defaultDeviation: 0
[PersistenceMap]   criticalType: 2
------------
[FTM] number of threads : 1
* debug lvl  : 3
* tree type  : Join + Split
------------
[FTM] alloc in           0.000452995
[FTM] init in            0.000192165
[FTM] sort step in       0.00245309
[FTM] leafSearch JT in   0.00369215
[FTM] leafGrowth JT in   0.00788188
[FTM] trunk JT in        0.000313997
[FTM] leafSearch ST in   0.00368786
[FTM] leafGrowth ST in   0.00713992
[FTM] trunk ST in        0.000346899
[FTM] merge trees  in    0.023098
[FTM] build tree in      0.0231011
[FTM] Total  in          0.0257671
[PersistenceMap] Maximum persistences: 9.00384 (second: 9.00384)
[PersistenceMap] Minimum persistences: 7.92273 (second: 7.92273)
[PersistenceMap] Selected maximum persistence: 7.92273
[PersistenceMap] Max distance: 3.85797
[PersistenceMap] Data-set (30000 points) processed in 0.037385 s. (16 thread(s)).
[ttkPersistenceMap] Processing 160.7 scalar field...
[PersistenceMap] Computing persistence map...
[PersistenceMap]   persistenceThreshold: 0.01
[PersistenceMap]   persistenceScale: 0.5
[PersistenceMap]   persistenceSpread: 0.03
[PersistenceMap]   defaultAmplitude: 0
[PersistenceMap]   defaultDeviation: 0
[PersistenceMap]   criticalType: 2
------------
[FTM] number of threads : 1
* debug lvl  : 3
* tree type  : Join + Split
------------
[FTM] alloc in           0.000441074
[FTM] init in            0.000193119
[FTM] sort step in       0.00246501
[FTM] leafSearch JT in   0.00367713
[FTM] leafGrowth JT in   0.00805092
[FTM] trunk JT in        0.000324011
[FTM] leafSearch ST in   0.00367093
[FTM] leafGrowth ST in   0.0068109
[FTM] trunk ST in        0.000391006
[FTM] merge trees  in    0.0229599
[FTM] build tree in      0.022963
[FTM] Total  in          0.0256441
[PersistenceMap] Maximum persistences: 9.085 (second: 9.085)
[PersistenceMap] Minimum persistences: 7.97037 (second: 7.97037)
[PersistenceMap] Selected maximum persistence: 7.97037
[PersistenceMap] Max distance: 3.85797
[PersistenceMap] Data-set (30000 points) processed in 0.0400362 s. (16 thread(s)).
[ttkPersistenceMap] Processing 160.8 scalar field...
[PersistenceMap] Computing persistence map...
[PersistenceMap]   persistenceThreshold: 0.01
[PersistenceMap]   persistenceScale: 0.5
[PersistenceMap]   persistenceSpread: 0.03
[PersistenceMap]   defaultAmplitude: 0
[PersistenceMap]   defaultDeviation: 0
[PersistenceMap]   criticalType: 2
------------
[FTM] number of threads : 1
* debug lvl  : 3
* tree type  : Join + Split
------------
[FTM] alloc in           0.000447989
[FTM] init in            0.000197172
[FTM] sort step in       0.00242305
[FTM] leafSearch JT in   0.00372386
[FTM] leafGrowth JT in   0.00849295
[FTM] trunk JT in        0.000310183
[FTM] leafSearch ST in   0.003824
[FTM] leafGrowth ST in   0.00709701
[FTM] trunk ST in        0.0003438
[FTM] merge trees  in    0.0238242
[FTM] build tree in      0.0238271
[FTM] Total  in          0.026469
[PersistenceMap] Maximum persistences: 9.11241 (second: 9.11241)
[PersistenceMap] Minimum persistences: 8.00656 (second: 8.00656)
[PersistenceMap] Selected maximum persistence: 8.00656
[PersistenceMap] Max distance: 3.85797
[PersistenceMap] Data-set (30000 points) processed in 0.0381148 s. (16 thread(s)).
[ttkPersistenceMap] Processing 200.0 scalar field...
[PersistenceMap] Computing persistence map...
[PersistenceMap]   persistenceThreshold: 0.01
[PersistenceMap]   persistenceScale: 0.5
[PersistenceMap]   persistenceSpread: 0.03
[PersistenceMap]   defaultAmplitude: 0
[PersistenceMap]   defaultDeviation: 0
[PersistenceMap]   criticalType: 2
------------
[FTM] number of threads : 1
* debug lvl  : 3
* tree type  : Join + Split
------------
[FTM] alloc in           0.000449181
[FTM] init in            0.000197887
[FTM] sort step in       0.00244117
[FTM] leafSearch JT in   0.00367713
[FTM] leafGrowth JT in   0.00808191
[FTM] trunk JT in        0.000315905
[FTM] leafSearch ST in   0.00369096
[FTM] leafGrowth ST in   0.00641513
[FTM] trunk ST in        0.000413895
[FTM] merge trees  in    0.0226271
[FTM] build tree in      0.02263
[FTM] Total  in          0.0252931
[PersistenceMap] Maximum persistences: 9.32436 (second: 9.32436)
[PersistenceMap] Minimum persistences: 8.36319 (second: 8.36319)
[PersistenceMap] Selected maximum persistence: 8.36319
[PersistenceMap] Max distance: 3.85797
[PersistenceMap] Data-set (30000 points) processed in 0.039114 s. (16 thread(s)).
[ttkPersistenceMap] Processing 200.1 scalar field...
[PersistenceMap] Computing persistence map...
[PersistenceMap]   persistenceThreshold: 0.01
[PersistenceMap]   persistenceScale: 0.5
[PersistenceMap]   persistenceSpread: 0.03
[PersistenceMap]   defaultAmplitude: 0
[PersistenceMap]   defaultDeviation: 0
[PersistenceMap]   criticalType: 2
------------
[FTM] number of threads : 1
* debug lvl  : 3
* tree type  : Join + Split
------------
[FTM] alloc in           0.000458002
[FTM] init in            0.000204086
[FTM] sort step in       0.00247002
[FTM] leafSearch JT in   0.00368214
[FTM] leafGrowth JT in   0.00810504
[FTM] trunk JT in        0.000324011
[FTM] leafSearch ST in   0.00367403
[FTM] leafGrowth ST in   0.00652003
[FTM] trunk ST in        0.000394106
[FTM] merge trees  in    0.022733
[FTM] build tree in      0.0227361
[FTM] Total  in          0.025435
[PersistenceMap] Maximum persistences: 9.29781 (second: 9.29781)
[PersistenceMap] Minimum persistences: 8.33591 (second: 8.33591)
[PersistenceMap] Selected maximum persistence: 8.33591
[PersistenceMap] Max distance: 3.85797
[PersistenceMap] Data-set (30000 points) processed in 0.0386949 s. (16 thread(s)).
[ttkPersistenceMap] Processing 200.2 scalar field...
[PersistenceMap] Computing persistence map...
[PersistenceMap]   persistenceThreshold: 0.01
[PersistenceMap]   persistenceScale: 0.5
[PersistenceMap]   persistenceSpread: 0.03
[PersistenceMap]   defaultAmplitude: 0
[PersistenceMap]   defaultDeviation: 0
[PersistenceMap]   criticalType: 2
------------
[FTM] number of threads : 1
* debug lvl  : 3
* tree type  : Join + Split
------------
[FTM] alloc in           0.000539064
[FTM] init in            0.000195026
[FTM] sort step in       0.00225401
[FTM] leafSearch JT in   0.00314713
[FTM] leafGrowth JT in   0.00660896
[FTM] trunk JT in        0.000307083
[FTM] leafSearch ST in   0.00314403
[FTM] leafGrowth ST in   0.00566697
[FTM] trunk ST in        0.000344038
[FTM] merge trees  in    0.019248
[FTM] build tree in      0.0192502
[FTM] Total  in          0.0217259
[PersistenceMap] Maximum persistences: 9.31616 (second: 9.31616)
[PersistenceMap] Minimum persistences: 8.36759 (second: 8.36759)
[PersistenceMap] Selected maximum persistence: 8.36759
[PersistenceMap] Max distance: 3.85797
[PersistenceMap] Data-set (30000 points) processed in 0.0349321 s. (16 thread(s)).
[ttkPersistenceMap] Processing 200.3 scalar field...
[PersistenceMap] Computing persistence map...
[PersistenceMap]   persistenceThreshold: 0.01
[PersistenceMap]   persistenceScale: 0.5
[PersistenceMap]   persistenceSpread: 0.03
[PersistenceMap]   defaultAmplitude: 0
[PersistenceMap]   defaultDeviation: 0
[PersistenceMap]   criticalType: 2
------------
[FTM] number of threads : 1
* debug lvl  : 3
* tree type  : Join + Split
------------
[FTM] alloc in           0.000419855
[FTM] init in            0.000189066
[FTM] sort step in       0.00222898
[FTM] leafSearch JT in   0.00325108
[FTM] leafGrowth JT in   0.007025
[FTM] trunk JT in        0.000294209
[FTM] leafSearch ST in   0.003335
[FTM] leafGrowth ST in   0.00591993
[FTM] trunk ST in        0.000329018
[FTM] merge trees  in    0.0201862
[FTM] build tree in      0.0201881
[FTM] Total  in          0.0226309
[PersistenceMap] Maximum persistences: 9.30215 (second: 9.30215)
[PersistenceMap] Minimum persistences: 8.33636 (second: 8.33636)
[PersistenceMap] Selected maximum persistence: 8.33636
[PersistenceMap] Max distance: 3.85797
[PersistenceMap] Data-set (30000 points) processed in 0.0358899 s. (16 thread(s)).
[ttkPersistenceMap] Processing 200.4 scalar field...
[PersistenceMap] Computing persistence map...
[PersistenceMap]   persistenceThreshold: 0.01
[PersistenceMap]   persistenceScale: 0.5
[PersistenceMap]   persistenceSpread: 0.03
[PersistenceMap]   defaultAmplitude: 0
[PersistenceMap]   defaultDeviation: 0
[PersistenceMap]   criticalType: 2
------------
[FTM] number of threads : 1
* debug lvl  : 3
* tree type  : Join + Split
------------
[FTM] alloc in           0.000412226
[FTM] init in            0.000182867
[FTM] sort step in       0.00224996
[FTM] leafSearch JT in   0.00355792
[FTM] leafGrowth JT in   0.00759101
[FTM] trunk JT in        0.000268936
[FTM] leafSearch ST in   0.00314808
[FTM] leafGrowth ST in   0.00571799
[FTM] trunk ST in        0.000321865
[FTM] merge trees  in    0.0206349
[FTM] build tree in      0.020637
[FTM] Total  in          0.0230939
[PersistenceMap] Maximum persistences: 9.27364 (second: 9.27364)
[PersistenceMap] Minimum persistences: 8.34234 (second: 8.34234)
[PersistenceMap] Selected maximum persistence: 8.34234
[PersistenceMap] Max distance: 3.85797
[PersistenceMap] Data-set (30000 points) processed in 0.036252 s. (16 thread(s)).
[ttkPersistenceMap] Processing 200.5 scalar field...
[PersistenceMap] Computing persistence map...
[PersistenceMap]   persistenceThreshold: 0.01
[PersistenceMap]   persistenceScale: 0.5
[PersistenceMap]   persistenceSpread: 0.03
[PersistenceMap]   defaultAmplitude: 0
[PersistenceMap]   defaultDeviation: 0
[PersistenceMap]   criticalType: 2
------------
[FTM] number of threads : 1
* debug lvl  : 3
* tree type  : Join + Split
------------
[FTM] alloc in           0.000418901
[FTM] init in            0.000184774
[FTM] sort step in       0.00229311
[FTM] leafSearch JT in   0.00345016
[FTM] leafGrowth JT in   0.00721598
[FTM] trunk JT in        0.000280857
[FTM] leafSearch ST in   0.00315809
[FTM] leafGrowth ST in   0.00574517
[FTM] trunk ST in        0.000325918
[FTM] merge trees  in    0.020205
[FTM] build tree in      0.0202069
[FTM] Total  in          0.0227091
[PersistenceMap] Maximum persistences: 9.23297 (second: 9.23297)
[PersistenceMap] Minimum persistences: 8.33458 (second: 8.33458)
[PersistenceMap] Selected maximum persistence: 8.33458
[PersistenceMap] Max distance: 3.85797
[PersistenceMap] Data-set (30000 points) processed in 0.035805 s. (16 thread(s)).
[ttkPersistenceMap] Processing 200.6 scalar field...
[PersistenceMap] Computing persistence map...
[PersistenceMap]   persistenceThreshold: 0.01
[PersistenceMap]   persistenceScale: 0.5
[PersistenceMap]   persistenceSpread: 0.03
[PersistenceMap]   defaultAmplitude: 0
[PersistenceMap]   defaultDeviation: 0
[PersistenceMap]   criticalType: 2
------------
[FTM] number of threads : 1
* debug lvl  : 3
* tree type  : Join + Split
------------
[FTM] alloc in           0.000407934
[FTM] init in            0.000204802
[FTM] sort step in       0.00234604
[FTM] leafSearch JT in   0.00344992
[FTM] leafGrowth JT in   0.00724888
[FTM] trunk JT in        0.00027895
[FTM] leafSearch ST in   0.00313997
[FTM] leafGrowth ST in   0.00570512
[FTM] trunk ST in        0.000334024
[FTM] merge trees  in    0.0201859
[FTM] build tree in      0.020189
[FTM] Total  in          0.022763
[PersistenceMap] Maximum persistences: 9.51134 (second: 9.51134)
[PersistenceMap] Minimum persistences: 8.41916 (second: 8.41916)
[PersistenceMap] Selected maximum persistence: 8.41916
[PersistenceMap] Max distance: 3.85797
[PersistenceMap] Data-set (30000 points) processed in 0.0364189 s. (16 thread(s)).
[ttkPersistenceMap] Processing 200.7 scalar field...
[PersistenceMap] Computing persistence map...
[PersistenceMap]   persistenceThreshold: 0.01
[PersistenceMap]   persistenceScale: 0.5
[PersistenceMap]   persistenceSpread: 0.03
[PersistenceMap]   defaultAmplitude: 0
[PersistenceMap]   defaultDeviation: 0
[PersistenceMap]   criticalType: 2
------------
[FTM] number of threads : 1
* debug lvl  : 3
* tree type  : Join + Split
------------
[FTM] alloc in           0.000435114
[FTM] init in            0.000189066
[FTM] sort step in       0.00234413
[FTM] leafSearch JT in   0.00345588
[FTM] leafGrowth JT in   0.00700498
[FTM] trunk JT in        0.000283957
[FTM] leafSearch ST in   0.0031538
[FTM] leafGrowth ST in   0.00579906
[FTM] trunk ST in        0.000328064
[FTM] merge trees  in    0.0200551
[FTM] build tree in      0.0200579
[FTM] Total  in          0.022615
[PersistenceMap] Maximum persistences: 9.50941 (second: 9.50941)
[PersistenceMap] Minimum persistences: 8.4055 (second: 8.4055)
[PersistenceMap] Selected maximum persistence: 8.4055
[PersistenceMap] Max distance: 3.85797
[PersistenceMap] Data-set (30000 points) processed in 0.0377078 s. (16 thread(s)).
[ttkPersistenceMap] Processing 200.8 scalar field...
[PersistenceMap] Computing persistence map...
[PersistenceMap]   persistenceThreshold: 0.01
[PersistenceMap]   persistenceScale: 0.5
[PersistenceMap]   persistenceSpread: 0.03
[PersistenceMap]   defaultAmplitude: 0
[PersistenceMap]   defaultDeviation: 0
[PersistenceMap]   criticalType: 2
------------
[FTM] number of threads : 1
* debug lvl  : 3
* tree type  : Join + Split
------------
[FTM] alloc in           0.000420094
[FTM] init in            0.000184059
[FTM] sort step in       0.00220609
[FTM] leafSearch JT in   0.00315499
[FTM] leafGrowth JT in   0.008214
[FTM] trunk JT in        0.000294209
[FTM] leafSearch ST in   0.00338602
[FTM] leafGrowth ST in   0.00570011
[FTM] trunk ST in        0.000344038
[FTM] merge trees  in    0.021121
[FTM] build tree in      0.0211241
[FTM] Total  in          0.023536
[PersistenceMap] Maximum persistences: 9.31569 (second: 9.31569)
[PersistenceMap] Minimum persistences: 8.35912 (second: 8.35912)
[PersistenceMap] Selected maximum persistence: 8.35912
[PersistenceMap] Max distance: 3.85797
[PersistenceMap] Data-set (30000 points) processed in 0.0370951 s. (16 thread(s)).
[ttkPersistenceMap] Processing 50.0 scalar field...
[PersistenceMap] Computing persistence map...
[PersistenceMap]   persistenceThreshold: 0.01
[PersistenceMap]   persistenceScale: 0.5
[PersistenceMap]   persistenceSpread: 0.03
[PersistenceMap]   defaultAmplitude: 0
[PersistenceMap]   defaultDeviation: 0
[PersistenceMap]   criticalType: 2
------------
[FTM] number of threads : 1
* debug lvl  : 3
* tree type  : Join + Split
------------
[FTM] alloc in           0.000409126
[FTM] init in            0.000182867
[FTM] sort step in       0.00190496
[FTM] leafSearch JT in   0.00316811
[FTM] leafGrowth JT in   0.00475001
[FTM] trunk JT in        0.000349045
[FTM] leafSearch ST in   0.00323796
[FTM] leafGrowth ST in   0.00348902
[FTM] trunk ST in        0.00039196
[FTM] merge trees  in    0.0154121
[FTM] build tree in      0.015414
[FTM] Total  in          0.0175238
[PersistenceMap] Maximum persistences: 12.9256 (second: 0.925595)
[PersistenceMap] Minimum persistences: 12.9256 (second: 1.02894)
[PersistenceMap] Selected maximum persistence: 12.9256
[PersistenceMap] Max distance: 3.85797
[PersistenceMap] Data-set (30000 points) processed in 0.023041 s. (16 thread(s)).
[ttkPersistenceMap] Processing 50.1 scalar field...
[PersistenceMap] Computing persistence map...
[PersistenceMap]   persistenceThreshold: 0.01
[PersistenceMap]   persistenceScale: 0.5
[PersistenceMap]   persistenceSpread: 0.03
[PersistenceMap]   defaultAmplitude: 0
[PersistenceMap]   defaultDeviation: 0
[PersistenceMap]   criticalType: 2
------------
[FTM] number of threads : 1
* debug lvl  : 3
* tree type  : Join + Split
------------
[FTM] alloc in           0.000396013
[FTM] init in            0.000171185
[FTM] sort step in       0.0018661
[FTM] leafSearch JT in   0.00319195
[FTM] leafGrowth JT in   0.00454092
[FTM] trunk JT in        0.00035882
[FTM] leafSearch ST in   0.0031569
[FTM] leafGrowth ST in   0.00375414
[FTM] trunk ST in        0.000370979
[FTM] merge trees  in    0.015414
[FTM] build tree in      0.0154181
[FTM] Total  in          0.0174801
[PersistenceMap] Maximum persistences: 12.9477 (second: 0.987206)
[PersistenceMap] Minimum persistences: 12.9477 (second: 1.09334)
[PersistenceMap] Selected maximum persistence: 12.9477
[PersistenceMap] Max distance: 3.85797
[PersistenceMap] Data-set (30000 points) processed in 0.023577 s. (16 thread(s)).
[ttkPersistenceMap] Processing 50.2 scalar field...
[PersistenceMap] Computing persistence map...
[PersistenceMap]   persistenceThreshold: 0.01
[PersistenceMap]   persistenceScale: 0.5
[PersistenceMap]   persistenceSpread: 0.03
[PersistenceMap]   defaultAmplitude: 0
[PersistenceMap]   defaultDeviation: 0
[PersistenceMap]   criticalType: 2
------------
[FTM] number of threads : 1
* debug lvl  : 3
* tree type  : Join + Split
------------
[FTM] alloc in           0.00039506
[FTM] init in            0.000169992
[FTM] sort step in       0.00184798
[FTM] leafSearch JT in   0.00323009
[FTM] leafGrowth JT in   0.00456405
[FTM] trunk JT in        0.000347137
[FTM] leafSearch ST in   0.0031631
[FTM] leafGrowth ST in   0.00332594
[FTM] trunk ST in        0.000387192
[FTM] merge trees  in    0.015059
[FTM] build tree in      0.015063
[FTM] Total  in          0.017107
[PersistenceMap] Maximum persistences: 12.962 (second: 0.984382)
[PersistenceMap] Minimum persistences: 12.962 (second: 1.0893)
[PersistenceMap] Selected maximum persistence: 12.962
[PersistenceMap] Max distance: 3.85797
[PersistenceMap] Data-set (30000 points) processed in 0.0236371 s. (16 thread(s)).
[ttkPersistenceMap] Processing 50.3 scalar field...
[PersistenceMap] Computing persistence map...
[PersistenceMap]   persistenceThreshold: 0.01
[PersistenceMap]   persistenceScale: 0.5
[PersistenceMap]   persistenceSpread: 0.03
[PersistenceMap]   defaultAmplitude: 0
[PersistenceMap]   defaultDeviation: 0
[PersistenceMap]   criticalType: 2
------------
[FTM] number of threads : 1
* debug lvl  : 3
* tree type  : Join + Split
------------
[FTM] alloc in           0.00039196
[FTM] init in            0.000169992
[FTM] sort step in       0.00185394
[FTM] leafSearch JT in   0.00324702
[FTM] leafGrowth JT in   0.00455689
[FTM] trunk JT in        0.000355005
[FTM] leafSearch ST in   0.00315309
[FTM] leafGrowth ST in   0.00335097
[FTM] trunk ST in        0.000386
[FTM] merge trees  in    0.0150919
[FTM] build tree in      0.0150959
[FTM] Total  in          0.0171442
[PersistenceMap] Maximum persistences: 12.9772 (second: 0.987418)
[PersistenceMap] Minimum persistences: 12.9772 (second: 1.09411)
[PersistenceMap] Selected maximum persistence: 12.9772
[PersistenceMap] Max distance: 3.85797
[PersistenceMap] Data-set (30000 points) processed in 0.0234661 s. (16 thread(s)).
[ttkPersistenceMap] Processing 50.5 scalar field...
[PersistenceMap] Computing persistence map...
[PersistenceMap]   persistenceThreshold: 0.01
[PersistenceMap]   persistenceScale: 0.5
[PersistenceMap]   persistenceSpread: 0.03
[PersistenceMap]   defaultAmplitude: 0
[PersistenceMap]   defaultDeviation: 0
[PersistenceMap]   criticalType: 2
------------
[FTM] number of threads : 1
* debug lvl  : 3
* tree type  : Join + Split
------------
[FTM] alloc in           0.00039196
[FTM] init in            0.000169992
[FTM] sort step in       0.00192404
[FTM] leafSearch JT in   0.00325608
[FTM] leafGrowth JT in   0.00460291
[FTM] trunk JT in        0.000349045
[FTM] leafSearch ST in   0.00315309
[FTM] leafGrowth ST in   0.00349092
[FTM] trunk ST in        0.000386953
[FTM] merge trees  in    0.015281
[FTM] build tree in      0.015285
[FTM] Total  in          0.0174041
[PersistenceMap] Maximum persistences: 12.9964 (second: 0.907627)
[PersistenceMap] Minimum persistences: 12.9964 (second: 1.00757)
[PersistenceMap] Selected maximum persistence: 12.9964
[PersistenceMap] Max distance: 3.85797
[PersistenceMap] Data-set (30000 points) processed in 0.024637 s. (16 thread(s)).
[ttkPersistenceMap] Processing 50.6 scalar field...
[PersistenceMap] Computing persistence map...
[PersistenceMap]   persistenceThreshold: 0.01
[PersistenceMap]   persistenceScale: 0.5
[PersistenceMap]   persistenceSpread: 0.03
[PersistenceMap]   defaultAmplitude: 0
[PersistenceMap]   defaultDeviation: 0
[PersistenceMap]   criticalType: 2
------------
[FTM] number of threads : 1
* debug lvl  : 3
* tree type  : Join + Split
------------
[FTM] alloc in           0.000406027
[FTM] init in            0.000170946
[FTM] sort step in       0.00189185
[FTM] leafSearch JT in   0.0032599
[FTM] leafGrowth JT in   0.00465703
[FTM] trunk JT in        0.000348091
[FTM] leafSearch ST in   0.00315189
[FTM] leafGrowth ST in   0.00348902
[FTM] trunk ST in        0.000387907
[FTM] merge trees  in    0.015337
[FTM] build tree in      0.0153408
[FTM] Total  in          0.0174289
[PersistenceMap] Maximum persistences: 13.0077 (second: 0.90673)
[PersistenceMap] Minimum persistences: 13.0077 (second: 1.00371)
[PersistenceMap] Selected maximum persistence: 13.0077
[PersistenceMap] Max distance: 3.85797
[PersistenceMap] Data-set (30000 points) processed in 0.0247269 s. (16 thread(s)).
[ttkPersistenceMap] Processing 50.7 scalar field...
[PersistenceMap] Computing persistence map...
[PersistenceMap]   persistenceThreshold: 0.01
[PersistenceMap]   persistenceScale: 0.5
[PersistenceMap]   persistenceSpread: 0.03
[PersistenceMap]   defaultAmplitude: 0
[PersistenceMap]   defaultDeviation: 0
[PersistenceMap]   criticalType: 2
------------
[FTM] number of threads : 1
* debug lvl  : 3
* tree type  : Join + Split
------------
[FTM] alloc in           0.000393867
[FTM] init in            0.000169992
[FTM] sort step in       0.00188017
[FTM] leafSearch JT in   0.00326085
[FTM] leafGrowth JT in   0.004632
[FTM] trunk JT in        0.000345945
[FTM] leafSearch ST in   0.00315285
[FTM] leafGrowth ST in   0.00340486
[FTM] trunk ST in        0.000387192
[FTM] merge trees  in    0.015229
[FTM] build tree in      0.015233
[FTM] Total  in          0.0173099
[PersistenceMap] Maximum persistences: 13.0211 (second: 0.938042)
[PersistenceMap] Minimum persistences: 13.0211 (second: 1.03248)
[PersistenceMap] Selected maximum persistence: 13.0211
[PersistenceMap] Max distance: 3.85797
[PersistenceMap] Data-set (30000 points) processed in 0.0238972 s. (16 thread(s)).
[ttkPersistenceMap] Processing 50.8 scalar field...
[PersistenceMap] Computing persistence map...
[PersistenceMap]   persistenceThreshold: 0.01
[PersistenceMap]   persistenceScale: 0.5
[PersistenceMap]   persistenceSpread: 0.03
[PersistenceMap]   defaultAmplitude: 0
[PersistenceMap]   defaultDeviation: 0
[PersistenceMap]   criticalType: 2
------------
[FTM] number of threads : 1
* debug lvl  : 3
* tree type  : Join + Split
------------
[FTM] alloc in           0.000394106
[FTM] init in            0.000170946
[FTM] sort step in       0.00192785
[FTM] leafSearch JT in   0.00368595
[FTM] leafGrowth JT in   0.00540709
[FTM] trunk JT in        0.000402927
[FTM] leafSearch ST in   0.00369
[FTM] leafGrowth ST in   0.00404382
[FTM] trunk ST in        0.000447035
[FTM] merge trees  in    0.0177259
[FTM] build tree in      0.017731
[FTM] Total  in          0.019855
[PersistenceMap] Maximum persistences: 13.031 (second: 0.91682)
[PersistenceMap] Minimum persistences: 13.031 (second: 1.0136)
[PersistenceMap] Selected maximum persistence: 13.031
[PersistenceMap] Max distance: 3.85797
[PersistenceMap] Data-set (30000 points) processed in 0.026659 s. (16 thread(s)).
[ttkPersistenceMap] Processing 50.9 scalar field...
[PersistenceMap] Computing persistence map...
[PersistenceMap]   persistenceThreshold: 0.01
[PersistenceMap]   persistenceScale: 0.5
[PersistenceMap]   persistenceSpread: 0.03
[PersistenceMap]   defaultAmplitude: 0
[PersistenceMap]   defaultDeviation: 0
[PersistenceMap]   criticalType: 2
------------
[FTM] number of threads : 1
* debug lvl  : 3
* tree type  : Join + Split
------------
[FTM] alloc in           0.000431776
[FTM] init in            0.000185966
[FTM] sort step in       0.0021019
[FTM] leafSearch JT in   0.00368404
[FTM] leafGrowth JT in   0.00543594
[FTM] trunk JT in        0.000406981
[FTM] leafSearch ST in   0.00368595
[FTM] leafGrowth ST in   0.00401497
[FTM] trunk ST in        0.000451088
[FTM] merge trees  in    0.01773
[FTM] build tree in      0.017736
[FTM] Total  in          0.020052
[PersistenceMap] Maximum persistences: 13.0447 (second: 0.936268)
[PersistenceMap] Minimum persistences: 13.0447 (second: 1.03592)
[PersistenceMap] Selected maximum persistence: 13.0447
[PersistenceMap] Max distance: 3.85797
[PersistenceMap] Data-set (30000 points) processed in 0.0275848 s. (16 thread(s)).
[ttkPersistenceMap] Processing 60.1 scalar field...
[PersistenceMap] Computing persistence map...
[PersistenceMap]   persistenceThreshold: 0.01
[PersistenceMap]   persistenceScale: 0.5
[PersistenceMap]   persistenceSpread: 0.03
[PersistenceMap]   defaultAmplitude: 0
[PersistenceMap]   defaultDeviation: 0
[PersistenceMap]   criticalType: 2
------------
[FTM] number of threads : 1
* debug lvl  : 3
* tree type  : Join + Split
------------
[FTM] alloc in           0.000447035
[FTM] init in            0.00019002
[FTM] sort step in       0.00238895
[FTM] leafSearch JT in   0.00368309
[FTM] leafGrowth JT in   0.00610995
[FTM] trunk JT in        0.000427961
[FTM] leafSearch ST in   0.00367904
[FTM] leafGrowth ST in   0.005229
[FTM] trunk ST in        0.000477076
[FTM] merge trees  in    0.01966
[FTM] build tree in      0.019665
[FTM] Total  in          0.0222721
[PersistenceMap] Maximum persistences: 3.77511 (second: 3.77511)
[PersistenceMap] Minimum persistences: 3.69557 (second: 3.69557)
[PersistenceMap] Selected maximum persistence: 3.69557
[PersistenceMap] Max distance: 3.85797
[PersistenceMap] Data-set (30000 points) processed in 0.038434 s. (16 thread(s)).
[ttkPersistenceMap] Processing 60.2 scalar field...
[PersistenceMap] Computing persistence map...
[PersistenceMap]   persistenceThreshold: 0.01
[PersistenceMap]   persistenceScale: 0.5
[PersistenceMap]   persistenceSpread: 0.03
[PersistenceMap]   defaultAmplitude: 0
[PersistenceMap]   defaultDeviation: 0
[PersistenceMap]   criticalType: 2
------------
[FTM] number of threads : 1
* debug lvl  : 3
* tree type  : Join + Split
------------
[FTM] alloc in           0.000458956
[FTM] init in            0.000204086
[FTM] sort step in       0.00236416
[FTM] leafSearch JT in   0.00367999
[FTM] leafGrowth JT in   0.00610614
[FTM] trunk JT in        0.000424862
[FTM] leafSearch ST in   0.00368214
[FTM] leafGrowth ST in   0.00554991
[FTM] trunk ST in        0.000447989
[FTM] merge trees  in    0.0199239
[FTM] build tree in      0.019927
[FTM] Total  in          0.022522
[PersistenceMap] Maximum persistences: 3.8041 (second: 3.8041)
[PersistenceMap] Minimum persistences: 3.70913 (second: 3.70913)
[PersistenceMap] Selected maximum persistence: 3.70913
[PersistenceMap] Max distance: 3.85797
[PersistenceMap] Data-set (30000 points) processed in 0.0341618 s. (16 thread(s)).
[ttkPersistenceMap] Processing 60.3 scalar field...
[PersistenceMap] Computing persistence map...
[PersistenceMap]   persistenceThreshold: 0.01
[PersistenceMap]   persistenceScale: 0.5
[PersistenceMap]   persistenceSpread: 0.03
[PersistenceMap]   defaultAmplitude: 0
[PersistenceMap]   defaultDeviation: 0
[PersistenceMap]   criticalType: 2
------------
[FTM] number of threads : 1
* debug lvl  : 3
* tree type  : Join + Split
------------
[FTM] alloc in           0.000461102
[FTM] init in            0.000206947
[FTM] sort step in       0.00237298
[FTM] leafSearch JT in   0.00368094
[FTM] leafGrowth JT in   0.00613499
[FTM] trunk JT in        0.00041914
[FTM] leafSearch ST in   0.00367689
[FTM] leafGrowth ST in   0.00522804
[FTM] trunk ST in        0.000478029
[FTM] merge trees  in    0.01965
[FTM] build tree in      0.019654
[FTM] Total  in          0.0222609
[PersistenceMap] Maximum persistences: 3.83712 (second: 3.83712)
[PersistenceMap] Minimum persistences: 3.73804 (second: 3.73804)
[PersistenceMap] Selected maximum persistence: 3.73804
[PersistenceMap] Max distance: 3.85797
[PersistenceMap] Data-set (30000 points) processed in 0.0345109 s. (16 thread(s)).
[ttkPersistenceMap] Processing 60.4 scalar field...
[PersistenceMap] Computing persistence map...
[PersistenceMap]   persistenceThreshold: 0.01
[PersistenceMap]   persistenceScale: 0.5
[PersistenceMap]   persistenceSpread: 0.03
[PersistenceMap]   defaultAmplitude: 0
[PersistenceMap]   defaultDeviation: 0
[PersistenceMap]   criticalType: 2
------------
[FTM] number of threads : 1
* debug lvl  : 3
* tree type  : Join + Split
------------
[FTM] alloc in           0.000521183
[FTM] init in            0.000206947
[FTM] sort step in       0.002388
[FTM] leafSearch JT in   0.00367498
[FTM] leafGrowth JT in   0.00605607
[FTM] trunk JT in        0.000424147
[FTM] leafSearch ST in   0.00368094
[FTM] leafGrowth ST in   0.00558901
[FTM] trunk ST in        0.000442028
[FTM] merge trees  in    0.019901
[FTM] build tree in      0.0199029
[FTM] Total  in          0.022527
[PersistenceMap] Maximum persistences: 3.90453 (second: 3.90453)
[PersistenceMap] Minimum persistences: 3.78121 (second: 3.78121)
[PersistenceMap] Selected maximum persistence: 3.78121
[PersistenceMap] Max distance: 3.85797
[PersistenceMap] Data-set (30000 points) processed in 0.0348759 s. (16 thread(s)).
[ttkPersistenceMap] Processing 60.5 scalar field...
[PersistenceMap] Computing persistence map...
[PersistenceMap]   persistenceThreshold: 0.01
[PersistenceMap]   persistenceScale: 0.5
[PersistenceMap]   persistenceSpread: 0.03
[PersistenceMap]   defaultAmplitude: 0
[PersistenceMap]   defaultDeviation: 0
[PersistenceMap]   criticalType: 2
------------
[FTM] number of threads : 1
* debug lvl  : 3
* tree type  : Join + Split
------------
[FTM] alloc in           0.000458956
[FTM] init in            0.000205994
[FTM] sort step in       0.00240207
[FTM] leafSearch JT in   0.00368786
[FTM] leafGrowth JT in   0.0060451
[FTM] trunk JT in        0.00041604
[FTM] leafSearch ST in   0.00367188
[FTM] leafGrowth ST in   0.00562692
[FTM] trunk ST in        0.000442028
[FTM] merge trees  in    0.0199199
[FTM] build tree in      0.0199239
[FTM] Total  in          0.0225599
[PersistenceMap] Maximum persistences: 3.9279 (second: 3.9279)
[PersistenceMap] Minimum persistences: 3.80376 (second: 3.80376)
[PersistenceMap] Selected maximum persistence: 3.80376
[PersistenceMap] Max distance: 3.85797
[PersistenceMap] Data-set (30000 points) processed in 0.0342581 s. (16 thread(s)).
[ttkPersistenceMap] Processing 60.6 scalar field...
[PersistenceMap] Computing persistence map...
[PersistenceMap]   persistenceThreshold: 0.01
[PersistenceMap]   persistenceScale: 0.5
[PersistenceMap]   persistenceSpread: 0.03
[PersistenceMap]   defaultAmplitude: 0
[PersistenceMap]   defaultDeviation: 0
[PersistenceMap]   criticalType: 2
------------
[FTM] number of threads : 1
* debug lvl  : 3
* tree type  : Join + Split
------------
[FTM] alloc in           0.000530005
[FTM] init in            0.00020504
[FTM] sort step in       0.00236392
[FTM] leafSearch JT in   0.00368094
[FTM] leafGrowth JT in   0.00602007
[FTM] trunk JT in        0.000416994
[FTM] leafSearch ST in   0.00367308
[FTM] leafGrowth ST in   0.0057199
[FTM] trunk ST in        0.000437975
[FTM] merge trees  in    0.0199828
[FTM] build tree in      0.0199871
[FTM] Total  in          0.022584
[PersistenceMap] Maximum persistences: 4.0162 (second: 4.0162)
[PersistenceMap] Minimum persistences: 3.84454 (second: 3.84454)
[PersistenceMap] Selected maximum persistence: 3.84454
[PersistenceMap] Max distance: 3.85797
[PersistenceMap] Data-set (30000 points) processed in 0.0352991 s. (16 thread(s)).
[ttkPersistenceMap] Processing 60.7 scalar field...
[PersistenceMap] Computing persistence map...
[PersistenceMap]   persistenceThreshold: 0.01
[PersistenceMap]   persistenceScale: 0.5
[PersistenceMap]   persistenceSpread: 0.03
[PersistenceMap]   defaultAmplitude: 0
[PersistenceMap]   defaultDeviation: 0
[PersistenceMap]   criticalType: 2
------------
[FTM] number of threads : 1
* debug lvl  : 3
* tree type  : Join + Split
------------
[FTM] alloc in           0.000459909
[FTM] init in            0.000204802
[FTM] sort step in       0.00240993
[FTM] leafSearch JT in   0.00367785
[FTM] leafGrowth JT in   0.00605702
[FTM] trunk JT in        0.00041604
[FTM] leafSearch ST in   0.00505996
[FTM] leafGrowth ST in   0.00660896
[FTM] trunk ST in        0.000449181
[FTM] merge trees  in    0.0223019
[FTM] build tree in      0.0223038
[FTM] Total  in          0.0249469
[PersistenceMap] Maximum persistences: 3.97726 (second: 3.97726)
[PersistenceMap] Minimum persistences: 3.80713 (second: 3.80713)
[PersistenceMap] Selected maximum persistence: 3.80713
[PersistenceMap] Max distance: 3.85797
[PersistenceMap] Data-set (30000 points) processed in 0.0381179 s. (16 thread(s)).
[ttkPersistenceMap] Processing 60.8 scalar field...
[PersistenceMap] Computing persistence map...
[PersistenceMap]   persistenceThreshold: 0.01
[PersistenceMap]   persistenceScale: 0.5
[PersistenceMap]   persistenceSpread: 0.03
[PersistenceMap]   defaultAmplitude: 0
[PersistenceMap]   defaultDeviation: 0
[PersistenceMap]   criticalType: 2
------------
[FTM] number of threads : 1
* debug lvl  : 3
* tree type  : Join + Split
------------
[FTM] alloc in           0.000441074
[FTM] init in            0.000226974
[FTM] sort step in       0.00255704
[FTM] leafSearch JT in   0.00394511
[FTM] leafGrowth JT in   0.0064559
[FTM] trunk JT in        0.000448942
[FTM] leafSearch ST in   0.00316596
[FTM] leafGrowth ST in   0.00462103
[FTM] trunk ST in        0.000411987
[FTM] merge trees  in    0.0190849
[FTM] build tree in      0.0190871
[FTM] Total  in          0.021898
[PersistenceMap] Maximum persistences: 3.99342 (second: 3.99342)
[PersistenceMap] Minimum persistences: 3.82769 (second: 3.82769)
[PersistenceMap] Selected maximum persistence: 3.82769
[PersistenceMap] Max distance: 3.85797
[PersistenceMap] Data-set (30000 points) processed in 0.0335529 s. (16 thread(s)).
[ttkPersistenceMap] Processing 60.9 scalar field...
[PersistenceMap] Computing persistence map...
[PersistenceMap]   persistenceThreshold: 0.01
[PersistenceMap]   persistenceScale: 0.5
[PersistenceMap]   persistenceSpread: 0.03
[PersistenceMap]   defaultAmplitude: 0
[PersistenceMap]   defaultDeviation: 0
[PersistenceMap]   criticalType: 2
------------
[FTM] number of threads : 1
* debug lvl  : 3
* tree type  : Join + Split
------------
[FTM] alloc in           0.000440121
[FTM] init in            0.00019908
[FTM] sort step in       0.00216508
[FTM] leafSearch JT in   0.00339913
[FTM] leafGrowth JT in   0.00567389
[FTM] trunk JT in        0.000391006
[FTM] leafSearch ST in   0.00344491
[FTM] leafGrowth ST in   0.00470901
[FTM] trunk ST in        0.00039196
[FTM] merge trees  in    0.018044
[FTM] build tree in      0.0180459
[FTM] Total  in          0.0204351
[PersistenceMap] Maximum persistences: 4.05159 (second: 4.05159)
[PersistenceMap] Minimum persistences: 3.85686 (second: 3.85686)
[PersistenceMap] Selected maximum persistence: 3.85686
[PersistenceMap] Max distance: 3.85797
[PersistenceMap] Data-set (30000 points) processed in 0.032737 s. (16 thread(s)).
[ttkPersistenceMap] Memory usage: 274.712 MB.
[ttkPersistenceMap] Batchmode processed overall in 1.52843 s.
[ttkProgramBase] Reading input data...
[ttkProgramBase]   done! (read 30000 vertices, 29601 cells)
[LDistance] Distance: 5.06583
[LDistance] Distance: 1.553
[LDistance] Distance: 14.4047
[LDistance] Distance: 14.9652
[LDistance] Distance: 25.6471
[LDistance] Distance: 20.6467
[LDistance] Distance: 1.52554
[LDistance] Distance: 15.5543
[LDistance] Distance: 20.0528
[LDistance] Distance: 22.5199
[LDistance] Distance: 20.3629
[LDistance] Distance: 14.9335
[LDistance] Distance: 25.6469
[LDistance] Distance: 14.4682
[LDistance] Distance: 25.3149
[LDistance] Distance: 15.0434
[LDistance] Distance: 24.0635
[LDistance] Distance: 13.8224
[LDistance] Distance: 22.4523
[LDistance] Distance: 1.18902
[LDistance] Distance: 19.948
[LDistance] Distance: 15.8684
[LDistance] Distance: 15.4665
[LDistance] Distance: 1.06167
[LDistance] Distance: 20.4
[LDistance] Distance: 14.9889
[LDistance] Distance: 25.6468
[LDistance] Distance: 14.428
[LDistance] Distance: 22.4281
[LDistance] Distance: 1.60781
[LDistance] Distance: 15.4958
[LDistance] Distance: 3.61397
[LDistance] Distance: 14.7993
[LDistance] Distance: 20.1824
[LDistance] Distance: 25.6469
[LDistance] Distance: 14.4176
[LDistance] Distance: 14.9972
[LDistance] Distance: 25.315
[LDistance] Distance: 1.52774
[LDistance] Distance: 15.4772
[LDistance] Distance: 25.3843
[LDistance] Distance: 24.0634
[LDistance] Distance: 22.5463
[LDistance] Distance: 1.5902
[LDistance] Distance: 19.919
[LDistance] Distance: 15.9021
[LDistance] Distance: 25.6469
[LDistance] Distance: 14.429
[LDistance] Distance: 14.8351
[LDistance] Distance: 20.0491
[LDistance] Distance: 22.3262
[LDistance] Distance: 2.74804
[LDistance] Distance: 15.4805
[LDistance] Distance: 4.31991
[LDistance] Distance: 1.63274
[LDistance] Distance: 15.5091
[LDistance] Distance: 25.6469
[LDistance] Distance: 15.513
[LDistance] Distance: 1.47895
[LDistance] Distance: 14.9431
[LDistance] Distance: 25.3844
[LDistance] Distance: 24.0635
[LDistance] Distance: 14.9661
[LDistance] Distance: 22.4086
[LDistance] Distance: 25.315
[LDistance] Distance: 16.4393
[LDistance] Distance: 1.80105
[LDistance] Distance: 16.3847
[LDistance] Distance: 19.908
[LDistance] Distance: 14.2431
[LDistance] Distance: 0.0783198
[LDistance] Distance: 16.6927
[LDistance] Distance: 20.0221
[LDistance] Distance: 15.4675
[LDistance] Distance: 1.0402
[LDistance] Distance: 23.893
[LDistance] Distance: 16.8386
[LDistance] Distance: 16.3341
[LDistance] Distance: 22.4525
[LDistance] Distance: 16.8745
[LDistance] Distance: 17.248
[LDistance] Distance: 15.7059
[LDistance] Distance: 25.3844
[LDistance] Distance: 24.0635
[LDistance] Distance: 19.9429
[LDistance] Distance: 14.6861
[LDistance] Distance: 15.0207
[LDistance] Distance: 25.315
[LDistance] Distance: 2.98929
[LDistance] Distance: 23.893
[LDistance] Distance: 20.1202
[LDistance] Distance: 14.1337
[LDistance] Distance: 16.6369
[LDistance] Distance: 0.121878
[LDistance] Distance: 16.5914
[LDistance] Distance: 25.8345
[LDistance] Distance: 22.5465
[LDistance] Distance: 16.1969
[LDistance] Distance: 19.9132
[LDistance] Distance: 25.5737
[LDistance] Distance: 25.8345
[LDistance] Distance: 15.8837
[LDistance] Distance: 1.19151
[LDistance] Distance: 23.893
[LDistance] Distance: 25.3845
[LDistance] Distance: 24.0635
[LDistance] Distance: 25.8345
[LDistance] Distance: 15.4673
[LDistance] Distance: 19.9348
[LDistance] Distance: 14.8517
[LDistance] Distance: 0.0443036
[LDistance] Distance: 19.9011
[LDistance] Distance: 25.5737
[LDistance] Distance: 19.9445
[LDistance] Distance: 14.1998
[LDistance] Distance: 16.0793
[LDistance] Distance: 15.4661
[LDistance] Distance: 1.60004
[LDistance] Distance: 0.0956436
[LDistance] Distance: 23.8931
[LDistance] Distance: 25.8346
[LDistance] Distance: 15.491
[LDistance] Distance: 20.1104
[LDistance] Distance: 25.5737
[LDistance] Distance: 25.8345
[LDistance] Distance: 15.6882
[LDistance] Distance: 25.3842
[LDistance] Distance: 21.0299
[LDistance] Distance: 22.4877
[LDistance] Distance: 16.9607
[LDistance] Distance: 15.0636
[LDistance] Distance: 23.893
[LDistance] Distance: 19.8774
[LDistance] Distance: 14.8879
[LDistance] Distance: 25.8344
[LDistance] Distance: 15.4335
[LDistance] Distance: 19.9827
[LDistance] Distance: 25.9788
[LDistance] Distance: 14.1587
[LDistance] Distance: 19.9339
[LDistance] Distance: 25.5739
[LDistance] Distance: 0.0968334
[LDistance] Distance: 17.3789
[LDistance] Distance: 15.0819
[LDistance] Distance: 25.8345
[LDistance] Distance: 22.591
[LDistance] Distance: 23.8929
[LDistance] Distance: 15.09
[LDistance] Distance: 25.3842
[LDistance] Distance: 20.9458
[LDistance] Distance: 25.8344
[LDistance] Distance: 14.8847
[LDistance] Distance: 19.9722
[LDistance] Distance: 25.5736
[LDistance] Distance: 19.8846
[LDistance] Distance: 14.9882
[LDistance] Distance: 16.6909
[LDistance] Distance: 22.5082
[LDistance] Distance: 23.893
[LDistance] Distance: 19.9919
[LDistance] Distance: 25.9788
[LDistance] Distance: 25.8344
[LDistance] Distance: 14.8251
[LDistance] Distance: 14.1466
[LDistance] Distance: 25.5736
[LDistance] Distance: 19.9795
[LDistance] Distance: 0.0965768
[LDistance] Distance: 15.2899
[LDistance] Distance: 14.9145
[LDistance] Distance: 19.1212
[LDistance] Distance: 20.8393
[LDistance] Distance: 25.3843
[LDistance] Distance: 15.969
[LDistance] Distance: 23.893
[LDistance] Distance: 22.5199
[LDistance] Distance: 14.8559
[LDistance] Distance: 19.0228
[LDistance] Distance: 20.1455
[LDistance] Distance: 25.5737
[LDistance] Distance: 19.8397
[LDistance] Distance: 23.9063
[LDistance] Distance: 20.1581
[LDistance] Distance: 25.9788
[LDistance] Distance: 15.0413
[LDistance] Distance: 15.5375
[LDistance] Distance: 14.1588
[LDistance] Distance: 19.0005
[LDistance] Distance: 14.8308
[LDistance] Distance: 23.893
[LDistance] Distance: 0.0974246
[LDistance] Distance: 22.4281
[LDistance] Distance: 25.5736
[LDistance] Distance: 20.6748
[LDistance] Distance: 25.3843
[LDistance] Distance: 3.6939
[LDistance] Distance: 14.8759
[LDistance] Distance: 19.1321
[LDistance] Distance: 15.5606
[LDistance] Distance: 14.6944
[LDistance] Distance: 20.8154
[LDistance] Distance: 20.0633
[LDistance] Distance: 23.9063
[LDistance] Distance: 19.4048
[LDistance] Distance: 14.7424
[LDistance] Distance: 25.5737
[LDistance] Distance: 3.5006
[LDistance] Distance: 0.585574
[LDistance] Distance: 25.9789
[LDistance] Distance: 22.3262
[LDistance] Distance: 15.2548
[LDistance] Distance: 19.489
[LDistance] Distance: 14.7871
[LDistance] Distance: 15.7563
[LDistance] Distance: 22.4876
[LDistance] Distance: 25.3843
[LDistance] Distance: 20.5516
[LDistance] Distance: 20.7395
[LDistance] Distance: 14.8378
[LDistance] Distance: 19.2862
[LDistance] Distance: 1.33635
[LDistance] Distance: 14.8679
[LDistance] Distance: 19.5283
[LDistance] Distance: 22.4085
[LDistance] Distance: 0.914464
[LDistance] Distance: 25.9788
[LDistance] Distance: 15.2095
[LDistance] Distance: 23.9063
[LDistance] Distance: 19.8805
[LDistance] Distance: 22.5909
[LDistance] Distance: 20.2604
[LDistance] Distance: 19.3488
[LDistance] Distance: 14.8149
[LDistance] Distance: 15.4917
[LDistance] Distance: 24.0414
[LDistance] Distance: 19.7076
[LDistance] Distance: 20.6287
[LDistance] Distance: 22.4525
[LDistance] Distance: 1.06652
[LDistance] Distance: 25.9786
[LDistance] Distance: 19.2014
[LDistance] Distance: 19.9206
[LDistance] Distance: 23.9065
[LDistance] Distance: 14.4126
[LDistance] Distance: 25.6205
[LDistance] Distance: 22.5081
[LDistance] Distance: 19.2689
[LDistance] Distance: 20.2979
[LDistance] Distance: 14.8972
[LDistance] Distance: 19.7757
[LDistance] Distance: 24.0414
[LDistance] Distance: 22.5465
[LDistance] Distance: 3.27775
[LDistance] Distance: 25.9788
[LDistance] Distance: 15.1351
[LDistance] Distance: 19.9417
[LDistance] Distance: 23.9063
[LDistance] Distance: 25.5486
[LDistance] Distance: 22.5197
[LDistance] Distance: 20.446
[LDistance] Distance: 19.2014
[LDistance] Distance: 20.075
[LDistance] Distance: 19.1531
[LDistance] Distance: 14.8333
[LDistance] Distance: 24.0414
[LDistance] Distance: 1.77311
[LDistance] Distance: 25.6206
[LDistance] Distance: 22.4877
[LDistance] Distance: 3.13583
[LDistance] Distance: 25.9787
[LDistance] Distance: 20.1477
[LDistance] Distance: 23.9063
[LDistance] Distance: 22.428
[LDistance] Distance: 25.5486
[LDistance] Distance: 19.3607
[LDistance] Distance: 19.9379
[LDistance] Distance: 14.9254
[LDistance] Distance: 24.0416
[LDistance] Distance: 1.76436
[LDistance] Distance: 14.8192
[LDistance] Distance: 20.3008
[LDistance] Distance: 22.5911
[LDistance] Distance: 19.3114
[LDistance] Distance: 25.6206
[LDistance] Distance: 25.9787
[LDistance] Distance: 1.07238
[LDistance] Distance: 25.4575
[LDistance] Distance: 23.9063
[LDistance] Distance: 22.3261
[LDistance] Distance: 1.56632
[LDistance] Distance: 24.0414
[LDistance] Distance: 25.5486
[LDistance] Distance: 14.8752
[LDistance] Distance: 19.6085
[LDistance] Distance: 17.144
[LDistance] Distance: 14.8446
[LDistance] Distance: 19.9775
[LDistance] Distance: 22.5082
[LDistance] Distance: 19.0612
[LDistance] Distance: 25.6016
[LDistance] Distance: 25.4576
[LDistance] Distance: 23.9063
[LDistance] Distance: 24.0413
[LDistance] Distance: 2.38357
[LDistance] Distance: 22.4084
[LDistance] Distance: 19.5688
[LDistance] Distance: 25.5488
[LDistance] Distance: 25.6207
[LDistance] Distance: 14.9726
[LDistance] Distance: 19.645
[LDistance] Distance: 17.541
[LDistance] Distance: 14.7906
[LDistance] Distance: 20.0149
[LDistance] Distance: 22.5199
[LDistance] Distance: 18.9567
[LDistance] Distance: 25.6017
[LDistance] Distance: 25.4576
[LDistance] Distance: 23.9063
[LDistance] Distance: 24.0414
[LDistance] Distance: 3.2803
[LDistance] Distance: 22.4523
[LDistance] Distance: 25.5485
[LDistance] Distance: 14.9137
[LDistance] Distance: 19.6857
[LDistance] Distance: 16.8856
[LDistance] Distance: 14.8684
[LDistance] Distance: 22.4281
[LDistance] Distance: 19.7708
[LDistance] Distance: 19.6362
[LDistance] Distance: 25.6205
[LDistance] Distance: 18.9449
[LDistance] Distance: 25.6017
[LDistance] Distance: 14.8367
[LDistance] Distance: 24.0414
[LDistance] Distance: 20.9077
[LDistance] Distance: 25.4577
[LDistance] Distance: 22.5463
[LDistance] Distance: 25.5485
[LDistance] Distance: 14.8818
[LDistance] Distance: 16.1909
[LDistance] Distance: 19.8308
[LDistance] Distance: 14.8764
[LDistance] Distance: 22.3262
[LDistance] Distance: 19.6464
[LDistance] Distance: 19.6746
[LDistance] Distance: 25.6204
[LDistance] Distance: 14.74
[LDistance] Distance: 24.0414
[LDistance] Distance: 19.0599
[LDistance] Distance: 25.6018
[LDistance] Distance: 20.8324
[LDistance] Distance: 25.4575
[LDistance] Distance: 0.0985327
[LDistance] Distance: 25.5486
[LDistance] Distance: 14.9274
[LDistance] Distance: 19.8827
[LDistance] Distance: 15.7613
[LDistance] Distance: 24.2838
[LDistance] Distance: 22.4085
[LDistance] Distance: 19.8357
[LDistance] Distance: 3.51387
[LDistance] Distance: 25.6205
[LDistance] Distance: 21.1613
[LDistance] Distance: 14.7862
[LDistance] Distance: 25.6016
[LDistance] Distance: 19.3267
[LDistance] Distance: 25.4574
[LDistance] Distance: 20.7245
[LDistance] Distance: 0.119975
[LDistance] Distance: 25.5485
[LDistance] Distance: 14.7982
[LDistance] Distance: 1.06475
[LDistance] Distance: 15.7833
[LDistance] Distance: 22.4525
[LDistance] Distance: 24.2838
[LDistance] Distance: 0.648493
[LDistance] Distance: 19.8885
[LDistance] Distance: 25.6205
[LDistance] Distance: 21.0873
[LDistance] Distance: 14.7564
[LDistance] Distance: 19.4171
[LDistance] Distance: 25.6015
[LDistance] Distance: 25.4575
[LDistance] Distance: 20.5482
[LDistance] Distance: 25.5486
[LDistance] Distance: 0.122298
[LDistance] Distance: 14.8573
[LDistance] Distance: 0.623643
[LDistance] Distance: 15.9747
[LDistance] Distance: 22.5465
[LDistance] Distance: 24.2838
[LDistance] Distance: 1.50392
[LDistance] Distance: 1.53102
[LDistance] Distance: 25.6205
[LDistance] Distance: 20.9744
[LDistance] Distance: 14.7537
[LDistance] Distance: 25.6016
[LDistance] Distance: 19.4549
[LDistance] Distance: 25.4575
[LDistance] Distance: 20.411
[LDistance] Distance: 19.2667
[LDistance] Distance: 14.9132
[LDistance] Distance: 0.854752
[LDistance] Distance: 0.121068
[LDistance] Distance: 15.7217
[LDistance] Distance: 0.606225
[LDistance] Distance: 24.284
[LDistance] Distance: 17.0589
[LDistance] Distance: 20.8234
[LDistance] Distance: 19.9831
[LDistance] Distance: 14.1511
[LDistance] Distance: 14.7739
[LDistance] Distance: 19.6323
[LDistance] Distance: 25.6016
[LDistance] Distance: 20.0951
[LDistance] Distance: 25.4575
[LDistance] Distance: 19.1788
[LDistance] Distance: 1.01719
[LDistance] Distance: 23.998
[LDistance] Distance: 15.3626
[LDistance] Distance: 0.122604
[LDistance] Distance: 1.19521
[LDistance] Distance: 24.2838
[LDistance] Distance: 20.7001
[LDistance] Distance: 17.4695
[LDistance] Distance: 19.9107
[LDistance] Distance: 14.0346
[LDistance] Distance: 15.7707
[LDistance] Distance: 19.6981
[LDistance] Distance: 25.6016
[LDistance] Distance: 20.1315
[LDistance] Distance: 19.8964
[LDistance] Distance: 19.123
[LDistance] Distance: 1.15663
[LDistance] Distance: 23.9981
[LDistance] Distance: 22.4877
[LDistance] Distance: 14.9609
[LDistance] Distance: 20.4055
[LDistance] Distance: 2.03021
[LDistance] Distance: 24.2837
[LDistance] Distance: 16.7873
[LDistance] Distance: 15.7234
[LDistance] Distance: 19.8808
[LDistance] Distance: 14.1084
[LDistance] Distance: 19.9489
[LDistance] Distance: 19.8925
[LDistance] Distance: 2.60881
[LDistance] Distance: 19.8304
[LDistance] Distance: 19.2745
[LDistance] Distance: 20.4418
[LDistance] Distance: 22.5911
[LDistance] Distance: 3.2489
[LDistance] Distance: 23.9981
[LDistance] Distance: 14.8862
[LDistance] Distance: 4.29894
[LDistance] Distance: 15.0031
[LDistance] Distance: 24.2838
[LDistance] Distance: 16.0681
[LDistance] Distance: 19.8786
[LDistance] Distance: 14.0667
[LDistance] Distance: 19.8693
[LDistance] Distance: 19.7723
[LDistance] Distance: 19.8049
[LDistance] Distance: 4.26534
[LDistance] Distance: 20.218
[LDistance] Distance: 22.5082
[LDistance] Distance: 19.528
[LDistance] Distance: 23.9982
[LDistance] Distance: 3.19992
[LDistance] Distance: 25.6182
[LDistance] Distance: 14.9836
[LDistance] Distance: 5.4799
[LDistance] Distance: 24.2838
[LDistance] Distance: 15.6351
[LDistance] Distance: 20.0981
[LDistance] Distance: 14.0483
[LDistance] Distance: 19.8495
[LDistance] Distance: 19.7927
[LDistance] Distance: 5.79813
[LDistance] Distance: 1.03764
[LDistance] Distance: 20.0938
[LDistance] Distance: 22.5199
[LDistance] Distance: 25.6182
[LDistance] Distance: 19.582
[LDistance] Distance: 23.998
[LDistance] Distance: 0.956463
[LDistance] Distance: 14.9312
[LDistance] Distance: 5.4894
[LDistance] Distance: 24.2838
[LDistance] Distance: 15.6578
[LDistance] Distance: 19.9245
[LDistance] Distance: 14.0601
[LDistance] Distance: 20.0072
[LDistance] Distance: 19.8327
[LDistance] Distance: 1.37265
[LDistance] Distance: 1.28085
[LDistance] Distance: 5.79864
[LDistance] Distance: 25.6182
[LDistance] Distance: 22.4281
[LDistance] Distance: 19.6225
[LDistance] Distance: 23.998
[LDistance] Distance: 25.5263
[LDistance] Distance: 14.893
[LDistance] Distance: 7.32281
[LDistance] Distance: 21.5508
[LDistance] Distance: 15.8501
[LDistance] Distance: 19.9625
[LDistance] Distance: 15.2155
[LDistance] Distance: 1.42631
[LDistance] Distance: 19.8326
[LDistance] Distance: 0.0501911
[LDistance] Distance: 20.0498
[LDistance] Distance: 5.46788
[LDistance] Distance: 25.6183
[LDistance] Distance: 22.3262
[LDistance] Distance: 19.7782
[LDistance] Distance: 23.9981
[LDistance] Distance: 25.5264
[LDistance] Distance: 14.948
[LDistance] Distance: 21.4794
[LDistance] Distance: 8.2743
[LDistance] Distance: 15.5733
[LDistance] Distance: 19.9804
[LDistance] Distance: 15.1652
[LDistance] Distance: 0.654349
[LDistance] Distance: 19.8723
[LDistance] Distance: 25.6182
[LDistance] Distance: 3.51375
[LDistance] Distance: 19.8856
[LDistance] Distance: 6.25081
[LDistance] Distance: 22.4085
[LDistance] Distance: 19.8293
[LDistance] Distance: 23.998
[LDistance] Distance: 14.7854
[LDistance] Distance: 25.5264
[LDistance] Distance: 21.3577
[LDistance] Distance: 1.03906
[LDistance] Distance: 15.2297
[LDistance] Distance: 20.1485
[LDistance] Distance: 14.3403
[LDistance] Distance: 1.284
[LDistance] Distance: 25.6181
[LDistance] Distance: 19.8953
[LDistance] Distance: 0.649924
[LDistance] Distance: 19.9243
[LDistance] Distance: 7.22893
[LDistance] Distance: 22.4524
[LDistance] Distance: 1.03574
[LDistance] Distance: 23.998
[LDistance] Distance: 14.8135
[LDistance] Distance: 25.5265
[LDistance] Distance: 21.2372
[LDistance] Distance: 1.80804
[LDistance] Distance: 0.746032
[LDistance] Distance: 14.9251
[LDistance] Distance: 25.52
[LDistance] Distance: 4.03375
[LDistance] Distance: 25.6182
[LDistance] Distance: 20.0718
[LDistance] Distance: 19.9453
[LDistance] Distance: 1.50079
[LDistance] Distance: 16.2867
[LDistance] Distance: 22.5464
[LDistance] Distance: 1.20836
[LDistance] Distance: 21.1618
[LDistance] Distance: 14.9085
[LDistance] Distance: 25.5263
[LDistance] Distance: 21.1248
[LDistance] Distance: 4.13747
[LDistance] Distance: 3.01243
[LDistance] Distance: 14.8878
[LDistance] Distance: 25.5201
[LDistance] Distance: 1.49585
[LDistance] Distance: 25.6181
[LDistance] Distance: 0.0973321
[LDistance] Distance: 20.1271
[LDistance] Distance: 17.0611
[LDistance] Distance: 16.2016
[LDistance] Distance: 1.59398
[LDistance] Distance: 0.083812
[LDistance] Distance: 21.0871
[LDistance] Distance: 23.9154
[LDistance] Distance: 25.5262
[LDistance] Distance: 5.36902
[LDistance] Distance: 20.8626
[LDistance] Distance: 0.906602
[LDistance] Distance: 25.2154
[LDistance] Distance: 14.9734
[LDistance] Distance: 25.5201
[LDistance] Distance: 25.6181
[LDistance] Distance: 17.4718
[LDistance] Distance: 0.714498
[LDistance] Distance: 0.0969413
[LDistance] Distance: 16.2135
[LDistance] Distance: 20.9804
[LDistance] Distance: 14.2473
[LDistance] Distance: 0.0834343
[LDistance] Distance: 23.9154
[LDistance] Distance: 17.0744
[LDistance] Distance: 25.5263
[LDistance] Distance: 20.8968
[LDistance] Distance: 5.38059
[LDistance] Distance: 25.2155
[LDistance] Distance: 19.2302
[LDistance] Distance: 14.926
[LDistance] Distance: 25.5202
[LDistance] Distance: 16.7896
[LDistance] Distance: 0.896645
[LDistance] Distance: 16.2048
[LDistance] Distance: 0.122121
[LDistance] Distance: 17.4828
[LDistance] Distance: 20.8264
[LDistance] Distance: 14.138
[LDistance] Distance: 23.9154
[LDistance] Distance: 19.1368
[LDistance] Distance: 0.0831442
[LDistance] Distance: 25.5263
[LDistance] Distance: 20.6955
[LDistance] Distance: 7.1997
[LDistance] Distance: 25.2155
[LDistance] Distance: 14.8945
[LDistance] Distance: 25.52
[LDistance] Distance: 16.0699
[LDistance] Distance: 3.45565
[LDistance] Distance: 16.2159
[LDistance] Distance: 0.0828737
[LDistance] Distance: 16.8236
[LDistance] Distance: 19.0933
[LDistance] Distance: 20.7124
[LDistance] Distance: 14.2042
[LDistance] Distance: 23.9155
[LDistance] Distance: 25.5263
[LDistance] Distance: 0.0837654
[LDistance] Distance: 8.12488
[LDistance] Distance: 20.5793
[LDistance] Distance: 25.2157
[LDistance] Distance: 14.9492
[LDistance] Distance: 25.5199
[LDistance] Distance: 15.6367
[LDistance] Distance: 3.31869
[LDistance] Distance: 16.2504
[LDistance] Distance: 16.1339
[LDistance] Distance: 0.0460839
[LDistance] Distance: 19.2391
[LDistance] Distance: 20.4178
[LDistance] Distance: 14.1635
[LDistance] Distance: 23.9153
[LDistance] Distance: 20.0142
[LDistance] Distance: 22.4877
[LDistance] Distance: 1.46786
[LDistance] Distance: 1.41985
[LDistance] Distance: 25.2154
[LDistance] Distance: 14.7976
[LDistance] Distance: 25.52
[LDistance] Distance: 15.6595
[LDistance] Distance: 15.7207
[LDistance] Distance: 1.17027
[LDistance] Distance: 16.9959
[LDistance] Distance: 19.4998
[LDistance] Distance: 0.0357458
[LDistance] Distance: 20.4546
[LDistance] Distance: 14.1511
[LDistance] Distance: 23.9153
[LDistance] Distance: 22.5911
[LDistance] Distance: 19.9348
[LDistance] Distance: 17.1283
[LDistance] Distance: 3.56219
[LDistance] Distance: 25.2153
[LDistance] Distance: 14.859
[LDistance] Distance: 25.52
[LDistance] Distance: 15.7427
[LDistance] Distance: 15.852
[LDistance] Distance: 19.5699
[LDistance] Distance: 16.9355
[LDistance] Distance: 25.6643
[LDistance] Distance: 20.2379
[LDistance] Distance: 0.0428397
[LDistance] Distance: 22.5082
[LDistance] Distance: 14.1636
[LDistance] Distance: 23.9154
[LDistance] Distance: 19.9139
[LDistance] Distance: 17.5279
[LDistance] Distance: 4.84698
[LDistance] Distance: 25.2154
[LDistance] Distance: 14.9219
[LDistance] Distance: 25.52
[LDistance] Distance: 15.9313
[LDistance] Distance: 19.6101
[LDistance] Distance: 15.5748
[LDistance] Distance: 25.6644
[LDistance] Distance: 16.411
[LDistance] Distance: 20.1179
[LDistance] Distance: 0.0312803
[LDistance] Distance: 22.5199
[LDistance] Distance: 15.2549
[LDistance] Distance: 23.9153
[LDistance] Distance: 19.9
[LDistance] Distance: 16.8629
[LDistance] Distance: 4.85776
[LDistance] Distance: 25.2154
[LDistance] Distance: 24.0323
[LDistance] Distance: 19.3612
[LDistance] Distance: 15.687
[LDistance] Distance: 19.7759
[LDistance] Distance: 15.2309
[LDistance] Distance: 25.6644
[LDistance] Distance: 25.955
[LDistance] Distance: 1.37668
[LDistance] Distance: 22.4877
[LDistance] Distance: 22.4281
[LDistance] Distance: 15.2095
[LDistance] Distance: 23.9153
[LDistance] Distance: 20.113
[LDistance] Distance: 16.1522
[LDistance] Distance: 6.67535
[LDistance] Distance: 25.2154
[LDistance] Distance: 24.0324
[LDistance] Distance: 19.2653
[LDistance] Distance: 15.3337
[LDistance] Distance: 19.829
[LDistance] Distance: 14.9209
[LDistance] Distance: 25.6645
[LDistance] Distance: 25.955
[LDistance] Distance: 4.10302
[LDistance] Distance: 22.591
[LDistance] Distance: 22.3262
[LDistance] Distance: 14.4156
[LDistance] Distance: 20.8254
[LDistance] Distance: 19.9525
[LDistance] Distance: 7.57519
[LDistance] Distance: 15.7152
[LDistance] Distance: 15.021
[LDistance] Distance: 0.189377
[LDistance] Distance: 20.0224
[LDistance] Distance: 24.0323
[LDistance] Distance: 19.2136
[LDistance] Distance: 14.8838
[LDistance] Distance: 25.955
[LDistance] Distance: 25.6643
[LDistance] Distance: 1.28267
[LDistance] Distance: 22.5082
[LDistance] Distance: 22.4085
[LDistance] Distance: 25.5294
[LDistance] Distance: 20.7494
[LDistance] Distance: 19.991
[LDistance] Distance: 1.04217
[LDistance] Distance: 14.9591
[LDistance] Distance: 15.738
[LDistance] Distance: 2.47391
[LDistance] Distance: 19.9652
[LDistance] Distance: 19.3852
[LDistance] Distance: 24.0325
[LDistance] Distance: 14.9693
[LDistance] Distance: 25.9551
[LDistance] Distance: 25.6642
[LDistance] Distance: 22.5199
[LDistance] Distance: 0.633174
[LDistance] Distance: 22.4525
[LDistance] Distance: 25.5295
[LDistance] Distance: 20.6387
[LDistance] Distance: 20.01
[LDistance] Distance: 3.64024
[LDistance] Distance: 15.932
[LDistance] Distance: 19.9701
[LDistance] Distance: 19.662
[LDistance] Distance: 24.0323
[LDistance] Distance: 14.9221
[LDistance] Distance: 25.6643
[LDistance] Distance: 25.955
[LDistance] Distance: 22.4281
[LDistance] Distance: 17.1359
[LDistance] Distance: 22.5464
[LDistance] Distance: 25.5295
[LDistance] Distance: 20.4678
[LDistance] Distance: 20.1872
[LDistance] Distance: 3.65302
[LDistance] Distance: 15.6605
[LDistance] Distance: 19.7389
[LDistance] Distance: 19.9209
[LDistance] Distance: 24.0323
[LDistance] Distance: 14.8903
[LDistance] Distance: 22.3262
[LDistance] Distance: 25.6643
[LDistance] Distance: 25.9549
[LDistance] Distance: 17.5332
[LDistance] Distance: 0.0465316
[LDistance] Distance: 25.5296
[LDistance] Distance: 20.3322
[LDistance] Distance: 0.866923
[LDistance] Distance: 15.3113
[LDistance] Distance: 5.49834
[LDistance] Distance: 20.1327
[LDistance] Distance: 19.7783
[LDistance] Distance: 24.0323
[LDistance] Distance: 14.9451
[LDistance] Distance: 22.4085
[LDistance] Distance: 25.955
[LDistance] Distance: 25.6643
[LDistance] Distance: 16.89
[LDistance] Distance: 0.0481125
[LDistance] Distance: 25.5294
[LDistance] Distance: 20.0196
[LDistance] Distance: 0.638929
[LDistance] Distance: 6.46129
[LDistance] Distance: 14.9173
[LDistance] Distance: 19.946
[LDistance] Distance: 19.9479
[LDistance] Distance: 24.0323
[LDistance] Distance: 22.4525
[LDistance] Distance: 14.7931
[LDistance] Distance: 16.2066
[LDistance] Distance: 20.0428
[LDistance] Distance: 25.9549
[LDistance] Distance: 0.0474635
[LDistance] Distance: 25.5293
[LDistance] Distance: 20.0571
[LDistance] Distance: 0.3146
[LDistance] Distance: 1.68051
[LDistance] Distance: 14.8745
[LDistance] Distance: 19.9907
[LDistance] Distance: 19.9881
[LDistance] Distance: 24.0323
[LDistance] Distance: 22.5465
[LDistance] Distance: 14.8546
[LDistance] Distance: 15.7892
[LDistance] Distance: 19.9637
[LDistance] Distance: 25.955
[LDistance] Distance: 22.4876
[LDistance] Distance: 25.5294
[LDistance] Distance: 19.822
[LDistance] Distance: 0.627838
[LDistance] Distance: 1.69582
[LDistance] Distance: 20.0016
[LDistance] Distance: 14.9656
[LDistance] Distance: 21.1091
[LDistance] Distance: 13.6484
[LDistance] Distance: 14.9175
[LDistance] Distance: 0.0238941
[LDistance] Distance: 15.8111
[LDistance] Distance: 18.775
[LDistance] Distance: 19.9332
[LDistance] Distance: 22.591
[LDistance] Distance: 25.5294
[LDistance] Distance: 19.6973
[LDistance] Distance: 3.65539
[LDistance] Distance: 3.38705
[LDistance] Distance: 20.2012
[LDistance] Distance: 14.9127
[LDistance] Distance: 21.0253
[LDistance] Distance: 13.5259
[LDistance] Distance: 24.0174
[LDistance] Distance: 0.0820754
[LDistance] Distance: 16.0034
[LDistance] Distance: 18.6714
[LDistance] Distance: 19.9164
[LDistance] Distance: 22.5082
[LDistance] Distance: 25.5294
[LDistance] Distance: 1.42606
[LDistance] Distance: 3.46126
[LDistance] Distance: 4.34281
[LDistance] Distance: 2.93222
[LDistance] Distance: 14.881
[LDistance] Distance: 20.9214
[LDistance] Distance: 13.6143
[LDistance] Distance: 24.0174
[LDistance] Distance: 15.7618
[LDistance] Distance: 0.122344
[LDistance] Distance: 18.6574
[LDistance] Distance: 20.1216
[LDistance] Distance: 22.5199
[LDistance] Distance: 19.2577
[LDistance] Distance: 1.6607
[LDistance] Distance: 1.3291
[LDistance] Distance: 0.214282
[LDistance] Distance: 25.315
[LDistance] Distance: 20.7641
[LDistance] Distance: 14.9361
[LDistance] Distance: 13.5616
[LDistance] Distance: 24.0174
[LDistance] Distance: 15.4022
[LDistance] Distance: 18.7907
[LDistance] Distance: 19.943
[LDistance] Distance: 0.0921976
[LDistance] Distance: 22.4281
[LDistance] Distance: 19.171
[LDistance] Distance: 25.6506
[LDistance] Distance: 3.37448
[LDistance] Distance: 1.93169
[LDistance] Distance: 25.3151
[LDistance] Distance: 20.6495
[LDistance] Distance: 14.7651
[LDistance] Distance: 13.5382
[LDistance] Distance: 24.0175
[LDistance] Distance: 14.9942
[LDistance] Distance: 19.0781
[LDistance] Distance: 19.981
[LDistance] Distance: 22.3262
[LDistance] Distance: 0.0972094
[LDistance] Distance: 19.1148
[LDistance] Distance: 25.6506
[LDistance] Distance: 4.96398
[LDistance] Distance: 3.07628
[LDistance] Distance: 25.3151
[LDistance] Distance: 20.3661
[LDistance] Distance: 14.8258
[LDistance] Distance: 13.5433
[LDistance] Distance: 24.0173
[LDistance] Distance: 14.9269
[LDistance] Distance: 22.4085
[LDistance] Distance: 19.9873
[LDistance] Distance: 19.1956
[LDistance] Distance: 0.096966
[LDistance] Distance: 19.2679
[LDistance] Distance: 25.6506
[LDistance] Distance: 4.96892
[LDistance] Distance: 1.90896
[LDistance] Distance: 20.403
[LDistance] Distance: 25.3152
[LDistance] Distance: 14.8965
[LDistance] Distance: 14.7419
[LDistance] Distance: 24.0173
[LDistance] Distance: 15.0171
[LDistance] Distance: 22.4525
[LDistance] Distance: 20.1524
[LDistance] Distance: 19.233
[LDistance] Distance: 0.0978023
[LDistance] Distance: 19.522
[LDistance] Distance: 25.6508
[LDistance] Distance: 4.60027
[LDistance] Distance: 3.06319
[LDistance] Distance: 20.186
[LDistance] Distance: 25.315
[LDistance] Distance: 14.6983
[LDistance] Distance: 24.0635
[LDistance] Distance: 24.0174
[LDistance] Distance: 22.5464
[LDistance] Distance: 0.5461
[LDistance] Distance: 19.4425
[LDistance] Distance: 22.4876
[LDistance] Distance: 19.5761
[LDistance] Distance: 25.6505
[LDistance] Distance: 5.48645
[LDistance] Distance: 1.48372
[LDistance] Distance: 24.0635
[LDistance] Distance: 24.0173
[LDistance] Distance: 0.0304861
[LDistance] Distance: 3.66308
[LDistance] Distance: 19.5083
[LDistance] Distance: 22.5909
[LDistance] Distance: 19.6165
[LDistance] Distance: 24.0635
[LDistance] Distance: 25.6505
[LDistance] Distance: 6.42829
[LDistance] Distance: 24.0173
[LDistance] Distance: 3.46843
[LDistance] Distance: 22.5081
[LDistance] Distance: 1.98145
[LDistance] Distance: 0.0357499
[LDistance] Distance: 19.7728
[LDistance] Distance: 24.0637
[LDistance] Distance: 25.6506
[LDistance] Distance: 15.9388
[LDistance] Distance: 21.1075
[LDistance] Distance: 22.5197
[LDistance] Distance: 22.4877
[LDistance] Distance: 1.29115
[LDistance] Distance: 3.58274
[LDistance] Distance: 19.8249
[LDistance] Distance: 25.6505
[LDistance] Distance: 15.854
[LDistance] Distance: 21.0237
[LDistance] Distance: 22.428
[LDistance] Distance: 22.5911
[LDistance] Distance: 25.6469
[LDistance] Distance: 3.57324
[LDistance] Distance: 1.46679
[LDistance] Distance: 25.6506
[LDistance] Distance: 15.8719
[LDistance] Distance: 20.9195
[LDistance] Distance: 22.3261
[LDistance] Distance: 22.5082
[LDistance] Distance: 25.647
[LDistance] Distance: 3.20307
[LDistance] Distance: 2.18201
[LDistance] Distance: 20.0273
[LDistance] Distance: 15.8605
[LDistance] Distance: 20.7621
[LDistance] Distance: 22.4084
[LDistance] Distance: 25.647
[LDistance] Distance: 4.13817
[LDistance] Distance: 14.5113
[LDistanceMatrix] Data-set (30000 points) processed in 0.039345 s. (16 thread(s)).
[ttkLDistanceMatrix] Memory usage: 0.0703125 MB.
[SpectralEmbedding] Initializing Python: 3.7
[ttkProgramBase] Reading input data...
[ttkProgramBase]   done! (read 30000 vertices, 29601 cells)
[SpectralEmbedding] Loading Python script from: /home/guillaume/source/persistence-atlas/install/share/scripts/ttk
[SpectralEmbedding] Data-set  processed in 0.27162 s. (16 thread(s)).
[ttkSpectralEmbedding] Memory usage: 51.8164 MB.
[Clustering] Initializing Python: 3.7
[ttkProgramBase] Reading input data...
[ttkProgramBase]   done! (read 30000 vertices, 29601 cells)
[Clustering] Loading Python script from: /home/guillaume/source/persistence-atlas/install/share/scripts/ttk
[Clustering] Data-set  processed in 0.0453191 s. (16 thread(s)).
[ttkClustering] Memory usage: 14.2871 MB.
[ttkProgramBase] Reading input data...
[ttkProgramBase]   done! (read 30000 vertices, 29601 cells)
[ttkSphereFromPoint] Spheres computed in 0.0166159 s.
[ttkSphereFromPoint] Memory usage: 2.94238 MB.
[ttkProgramBase] Reading input data...
[ttkProgramBase]   done! (read 30000 vertices, 29601 cells)
[ttkUncertainDataEstimator] Number of inputs: 2
[ttkUncertainDataEstimator] Number of clusters: 5
[ttkUncertainDataEstimator] Number of scalar fields: 45
[UncertainDataEstimator] Data-set (30000 points) processed in 0.0210021 s. (16 thread(s)).
[ttkUncertainDataEstimator] Memory usage: 2.30469 MB.
[ttkProgramBase] Reading input data...
[ttkProgramBase]   done! (read 30000 vertices, 29601 cells)
[ttkMandatoryCriticalPoints] Number of objects: 45
[ttkMandatoryCriticalPoints] Number of clusters: 5
[ttkMandatoryCriticalPoints] Number of bins: 5
[ttkMandatoryCriticalPoints] Using `lowerBound_cluster2' as lower bound...
[ttkMandatoryCriticalPoints] Using `upperBound_cluster2' as upper bound...
[ttkMandatoryCriticalPoints] Using `lowerBound_cluster3' as lower bound...
[ttkMandatoryCriticalPoints] Using `upperBound_cluster3' as upper bound...
[ttkMandatoryCriticalPoints] Using `lowerBound_cluster1' as lower bound...
[ttkMandatoryCriticalPoints] Using `upperBound_cluster1' as upper bound...
[ttkMandatoryCriticalPoints] Using `lowerBound_cluster0' as lower bound...
[ttkMandatoryCriticalPoints] Using `upperBound_cluster0' as upper bound...
[ttkMandatoryCriticalPoints] Using `lowerBound_cluster4' as lower bound...
[ttkMandatoryCriticalPoints] Using `upperBound_cluster4' as upper bound...
[ContourTree] JoinTree computed in 0.0527232 s. (n: 30000, a:273)
[ContourTree] JoinTree computed in 0.0551071 s. (n: 30000, a:45)
[ContourTree] JoinTree computed in 0.0607769 s. (n: 30000, a:129)
[ContourTree] JoinTree computed in 0.074451 s. (n: 30000, a:147)
[ContourTree] JoinTree computed in 0.0750151 s. (n: 30000, a:229)
[ContourTree] JoinTree computed in 0.0562861 s. (n: 30000, a:183)
[ContourTree] JoinTree computed in 0.0606329 s. (n: 30000, a:39)
[ContourTree] JoinTree computed in 0.056339 s. (n: 30000, a:125)
[ContourTree] JoinTree computed in 0.074038 s. (n: 30000, a:153)
[ContourTree] JoinTree computed in 0.0793471 s. (n: 30000, a:195)
[ContourTree] SplitTree computed in 0.0618219 s. (n: 30000, a:173)
[ContourTree] SplitTree computed in 0.060673 s. (n: 30000, a:135)
[ContourTree] SplitTree computed in 0.0644889 s. (n: 30000, a:37)
[ContourTree] SplitTree computed in 0.0594902 s. (n: 30000, a:149)
[ContourTree] SplitTree computed in 0.057653 s. (n: 30000, a:199)
[ContourTree] SplitTree computed in 0.0591168 s. (n: 30000, a:313)
[MandatoryCriticalPoints] 4 SubLevelSetTrees computed in 0.236504 s. (16 thread(s)).
[MandatoryCriticalPoints] 18 mandatory minima computed in 8.60691e-05 s. (16 thread(s))
[MandatoryCriticalPoints] 19 mandatory maxima computed in 5.6982e-05 s. (16 thread(s))
[LowestCommonAncestor] Preprocessed queries in 4.79221e-05s.
[LowestCommonAncestor] Preprocessed queries in 1.09673e-05s.
[MandatoryCriticalPoints] 14 mandatory join saddles computed in 0.000277996 s. (16 thread(s))
[LowestCommonAncestor] Preprocessed queries in 1.12057e-05s.
[LowestCommonAncestor] Preprocessed queries in 1.00136e-05s.
[MandatoryCriticalPoints] 13 mandatory split saddles computed in 0.000159979 s. (16 thread(s))
[MandatoryCriticalPoints] Data-set (30000 points) processed in 0.237972 s. (16 thread(s)).
[ContourTree] SplitTree computed in 0.057879 s. (n: 30000, a:141)
[MandatoryCriticalPoints] 4 SubLevelSetTrees computed in 0.243509 s. (16 thread(s)).
[MandatoryCriticalPoints] 13 mandatory minima computed in 4.60148e-05 s. (16 thread(s))
[MandatoryCriticalPoints] 16 mandatory maxima computed in 4.91142e-05 s. (16 thread(s))
[LowestCommonAncestor] Preprocessed queries in 1.5974e-05s.
[LowestCommonAncestor] Preprocessed queries in 7.86781e-06s.
[MandatoryCriticalPoints] 11 mandatory join saddles computed in 0.000123978 s. (16 thread(s))
[LowestCommonAncestor] Preprocessed queries in 7.86781e-06s.
[LowestCommonAncestor] Preprocessed queries in 6.91414e-06s.
[MandatoryCriticalPoints] 15 mandatory split saddles computed in 0.000133038 s. (16 thread(s))
[MandatoryCriticalPoints] Data-set (30000 points) processed in 0.244632 s. (16 thread(s)).
[ContourTree] SplitTree computed in 0.0643101 s. (n: 30000, a:33)
[MandatoryCriticalPoints] 4 SubLevelSetTrees computed in 0.252584 s. (16 thread(s)).
[MandatoryCriticalPoints] 14 mandatory minima computed in 3.09944e-05 s. (16 thread(s))
[MandatoryCriticalPoints] 9 mandatory maxima computed in 2.21729e-05 s. (16 thread(s))
[LowestCommonAncestor] Preprocessed queries in 2.00272e-05s.
[LowestCommonAncestor] Preprocessed queries in 1.09673e-05s.
[MandatoryCriticalPoints] 12 mandatory join saddles computed in 0.000133038 s. (16 thread(s))
[LowestCommonAncestor] Preprocessed queries in 8.10623e-06s.
[LowestCommonAncestor] Preprocessed queries in 6.91414e-06s.
[MandatoryCriticalPoints] 8 mandatory split saddles computed in 6.10352e-05 s. (16 thread(s))
[MandatoryCriticalPoints] Data-set (30000 points) processed in 0.253641 s. (16 thread(s)).
[ContourTree] SplitTree computed in 0.0572979 s. (n: 30000, a:263)
[MandatoryCriticalPoints] 4 SubLevelSetTrees computed in 0.278355 s. (16 thread(s)).
[MandatoryCriticalPoints] 23 mandatory minima computed in 6.29425e-05 s. (16 thread(s))
[MandatoryCriticalPoints] 25 mandatory maxima computed in 6.50883e-05 s. (16 thread(s))
[LowestCommonAncestor] Preprocessed queries in 1.5974e-05s.
[LowestCommonAncestor] Preprocessed queries in 8.10623e-06s.
[MandatoryCriticalPoints] 14 mandatory join saddles computed in 0.000182152 s. (16 thread(s))
[ContourTree] SplitTree computed in 0.061584 s. (n: 30000, a:181)
[LowestCommonAncestor] Preprocessed queries in 9.05991e-06s.
[LowestCommonAncestor][SpectralEmbedding] Python: Input distance matrix:
[[ 0.          1.55299644  1.5255417  ... 20.44176927 20.21795776
  20.09384066]
 [ 1.55299644  0.          1.28085335 ... 20.13145894 19.89253111
  19.77226892]
 [ 1.5255417   1.28085335  0.         ... 20.40000731 20.18243175
  20.04905253]
 ...
 [20.44176927 20.13145894 20.40000731 ...  0.          1.90895863
   3.06318509]
 [20.21795776 19.89253111 20.18243175 ...  1.90895863  0.
   1.48371557]
 [20.09384066 19.77226892 20.04905253 ...  3.06318509  1.48371557
   0.        ]]
[SpectralEmbedding] Python: numpy module found.
[SpectralEmbedding] Python: scipy module found.
[SpectralEmbedding] Python: sklearn module found.
[SpectralEmbedding] Python: maxcomponents:  20
Weight matrix:
[[1.  0.  0.5 ... 0.  0.  0. ]
 [0.  1.  1.  ... 0.  0.  0. ]
 [0.5 1.  1.  ... 0.  0.  0. ]
 ...
 [0.  0.  0.  ... 1.  1.  1. ]
 [0.  0.  0.  ... 1.  1.  1. ]
 [0.  0.  0.  ... 1.  1.  1. ]]
[SpectralEmbedding] Python: Found dimension from gap:  4
[SpectralEmbedding] Python: Output eigenvectors:
[[ 0.00891645 -0.0489141   0.88022447  0.05195275]
 [ 0.01337467 -0.07337115  1.3203367   0.07792913]
 [ 0.01634682 -0.08967584  1.61374486  0.09524671]
 [ 0.01337467 -0.07337115  1.3203367   0.07792913]
 [ 0.00891645 -0.0489141   0.88022447  0.05195275]
 [ 0.01337467 -0.07337115  1.3203367   0.07792913]
 [ 0.0059443  -0.0326094   0.58681631  0.03463517]
 [ 0.0178329  -0.09782819  1.76044894  0.1039055 ]
 [ 0.00891645 -0.0489141   0.88022447  0.05195275]
 [ 0.04161402  0.95396766 -0.09597286  0.07740748]
 [ 0.04161402  0.95396766 -0.09597286  0.07740748]
 [ 0.04161402  0.95396766 -0.09597286  0.07740748]
 [ 0.05548536  1.27195688 -0.12796382  0.10320997]
 [ 0.06242103  1.43095149 -0.14395929  0.11611122]
 [ 0.06242103  1.43095149 -0.14395929  0.11611122]
 [ 0.08322804  1.90793532 -0.19194572  0.15481496]
 [ 0.06242103  1.43095149 -0.14395929  0.11611122]
 [ 0.04854969  1.11296227 -0.11196834  0.09030873]
 [-0.61261463  0.33548871  0.52898857  0.24929056]
 [-0.61261463  0.33548871  0.52898857  0.24929056]
 [-0.91892194  0.50323306  0.79348285  0.37393583]
 [-0.76576828  0.41936088  0.66123571  0.3116132 ]
 [-0.68919145  0.37742479  0.59511214  0.28045188]
 [-0.61261463  0.33548871  0.52898857  0.24929056]
 [-0.38288414  0.20968044  0.33061785  0.1558066 ]
 [-0.38288414  0.20968044  0.33061785  0.1558066 ]
 [-0.5360378   0.29355262  0.46286499  0.21812924]
 [ 0.57169399 -0.1203065  -0.05282914  1.37839805]
 [ 0.38112933 -0.08020433 -0.03521942  0.91893203]
 [ 0.38112933 -0.08020433 -0.03521942  0.91893203]
 [ 0.38112933 -0.08020433 -0.03521942  0.91893203]
 [ 0.31760777 -0.06683694 -0.02934952  0.76577669]
 [ 0.76225865 -0.16040866 -0.07043885  1.83786407]
 [ 0.50817243 -0.10693911 -0.04695923  1.22524271]
 [ 0.6987371  -0.14704127 -0.06456894  1.68470873]
 [ 0.57169399 -0.1203065  -0.05282914  1.37839805]
 [ 0.93466299  0.15569431  0.27939152 -0.39029474]
 [ 0.93466299  0.15569431  0.27939152 -0.39029474]
 [ 0.93466299  0.15569431  0.27939152 -0.39029474]
 [ 1.06818627  0.17793635  0.3193046  -0.44605114]
 [ 1.60227941  0.26690452  0.4789569  -0.6690767 ]
 [ 1.06818627  0.17793635  0.3193046  -0.44605114]
 [ 1.06818627  0.17793635  0.3193046  -0.44605114]
 [ 1.06818627  0.17793635  0.3193046  -0.44605114]
 [ 0.93466299  0.15569431  0.27939152 -0.39029474]]
[SpectralEmbedding] Python: Output eigenvalues:
[-4.32521399e+00 -4.05500455e+00 -4.00000000e+00 -4.00000000e+00
 -4.00000000e+00 -3.94087441e+00 -3.78405901e+00 -3.50000000e+00
 -3.32905332e+00 -2.64531264e+00 -2.63377331e+00 -1.34227994e+00
 -1.32211857e+00 -1.29389621e+00 -1.03940033e+00 -7.14796835e-01
 -8.88178420e-16 -2.22044605e-16 -2.22044605e-16  0.00000000e+00
  4.44089210e-16]
[SpectralEmbedding] Python: Output coords:
[[ 0.00891645 -0.0489141   0.88022447]
 [ 0.01337467 -0.07337115  1.3203367 ]
 [ 0.01634682 -0.08967584  1.61374486]
 [ 0.01337467 -0.07337115  1.3203367 ]
 [ 0.00891645 -0.0489141   0.88022447]
 [ 0.01337467 -0.07337115  1.3203367 ]
 [ 0.0059443  -0.0326094   0.58681631]
 [ 0.0178329  -0.09782819  1.76044894]
 [ 0.00891645 -0.0489141   0.88022447]
 [ 0.04161402  0.95396766 -0.09597286]
 [ 0.04161402  0.95396766 -0.09597286]
 [ 0.04161402  0.95396766 -0.09597286]
 [ 0.05548536  1.27195688 -0.12796382]
 [ 0.06242103  1.43095149 -0.14395929]
 [ 0.06242103  1.43095149 -0.14395929]
 [ 0.08322804  1.90793532 -0.19194572]
 [ 0.06242103  1.43095149 -0.14395929]
 [ 0.04854969  1.11296227 -0.11196834]
 [-0.61261463  0.33548871  0.52898857]
 [-0.61261463  0.33548871  0.52898857]
 [-0.91892194  0.50323306  0.79348285]
 [-0.76576828  0.41936088  0.66123571]
 [-0.68919145  0.37742479  0.59511214]
 [-0.61261463  0.33548871  0.52898857]
 [-0.38288414  0.20968044  0.33061785]
 [-0.38288414  0.20968044  0.33061785]
 [-0.5360378   0.29355262  0.46286499]
 [ 0.57169399 -0.1203065  -0.05282914]
 [ 0.38112933 -0.08020433 -0.03521942]
 [ 0.38112933 -0.08020433 -0.03521942]
 [ 0.38112933 -0.08020433 -0.03521942]
 [ 0.31760777 -0.06683694 -0.02934952]
 [ 0.76225865 -0.16040866 -0.07043885]
 [ 0.50817243 -0.10693911 -0.04695923]
 [ 0.6987371  -0.14704127 -0.06456894]
 [ 0.57169399 -0.1203065  -0.05282914]
 [ 0.93466299  0.15569431  0.27939152]
 [ 0.93466299  0.15569431  0.27939152]
 [ 0.93466299  0.15569431  0.27939152]
 [ 1.06818627  0.17793635  0.3193046 ]
 [ 1.60227941  0.26690452  0.4789569 ]
 [ 1.06818627  0.17793635  0.3193046 ]
 [ 1.06818627  0.17793635  0.3193046 ]
 [ 1.06818627  0.17793635  0.3193046 ]
 [ 0.93466299  0.15569431  0.27939152]]
[Clustering] Python: Input eigenvalues:
[[-4.32521399e+00 -4.05500455e+00 -4.00000000e+00 -4.00000000e+00
  -4.00000000e+00 -3.94087441e+00 -3.78405901e+00 -3.50000000e+00
  -3.32905332e+00 -2.64531264e+00 -2.63377331e+00 -1.34227994e+00
  -1.32211857e+00 -1.29389621e+00 -1.03940033e+00 -7.14796835e-01
  -8.88178420e-16 -2.22044605e-16 -2.22044605e-16  0.00000000e+00
   4.44089210e-16]]
[Clustering] min:  2
[Clustering] max:  20
[Clustering] nmin!=nmax
[Clustering] Python: numpy module found.
[Clustering] Python: scipy module found.
[Clustering] Python: sklearn module found.
[Clustering] Python Sorted:  [[10, 1.2914933666085484], [5, 0.7147968348880847], [12, 0.6837406772178349], [6, 0.3246034944891867], [14, 0.2840590131521825], [20, 0.27020943366230554], [7, 0.2544958799570778], [13, 0.1709466813574112], [15, 0.1568153924074247], [16, 0.059125594440396334], [19, 0.05500455257314574], [8, 0.02822236184819671], [9, 0.02016137101877291], [11, 0.011539332614878717], [18, 4.440892098500626e-15], [17, 3.552713678800501e-15], [4, 6.661338147750939e-16], [2, 2.220446049250313e-16], [3, 0.0]]
[Clustering] Python Significant Pairs:  [[5, 0.7147968348880847], [6, 0.3246034944891867], [7, 0.2544958799570778], [10, 1.2914933666085484], [12, 0.6837406772178349], [13, 0.1709466813574112], [14, 0.2840590131521825], [15, 0.1568153924074247], [20, 0.27020943366230554]]
[Clustering] Python maxgap:  0.7147968348880847
[Clustering] Python maxid:  5
[Clustering] Python Percentage average over max gap:  0.2881414140639898
[Clustering] Python chosen k:  5
 Preprocessed queries in 7.86781e-06s.
[MandatoryCriticalPoints] 4 SubLevelSetTrees computed in 0.278598 s. (16 thread(s)).
[MandatoryCriticalPoints] 19 mandatory minima computed in 5.6982e-05 s. (16 thread(s))
[MandatoryCriticalPoints] 13 mandatory split saddles computed in 0.000185966 s. (16 thread(s))
[MandatoryCriticalPoints] 17 mandatory maxima computed in 5.31673e-05 s. (16 thread(s))
[MandatoryCriticalPoints] Data-set (30000 points) processed in 0.279641 s. (16 thread(s)).
[LowestCommonAncestor] Preprocessed queries in 1.28746e-05s.
[LowestCommonAncestor] Preprocessed queries in 1.09673e-05s.
[MandatoryCriticalPoints] 15 mandatory join saddles computed in 0.000145912 s. (16 thread(s))
[LowestCommonAncestor] Preprocessed queries in 1.00136e-05s.
[LowestCommonAncestor] Preprocessed queries in 8.10623e-06s.
[MandatoryCriticalPoints] 12 mandatory split saddles computed in 0.000128984 s. (16 thread(s))
[MandatoryCriticalPoints] Data-set (30000 points) processed in 0.27973 s. (16 thread(s)).
[ttkMandatoryCriticalPoints] Memory usage: 6.29492 MB, elapsed time: 0.308074
[Common] Goodbye :)
